[ 2019-05-22T09:46:11+08:00 ] 127.0.0.1 /index.php/home/member/register
INFO: [ app_init ] --START--
INFO: Run Behavior\BuildLiteBehavior [ RunTime:0.000048s ]
INFO: [ app_init ] --END-- [ RunTime:0.001923s ]
INFO: [ app_begin ] --START--
INFO: Run Behavior\ReadHtmlCacheBehavior [ RunTime:0.002194s ]
INFO: [ app_begin ] --END-- [ RunTime:0.002368s ]
INFO: [ view_parse ] --START--
INFO: [ template_filter ] --START--
INFO: Run Behavior\ContentReplaceBehavior [ RunTime:0.000122s ]
INFO: [ template_filter ] --END-- [ RunTime:0.000286s ]
INFO: Run Behavior\ParseTemplateBehavior [ RunTime:0.020376s ]
INFO: [ view_parse ] --END-- [ RunTime:0.020757s ]
INFO: [ view_filter ] --START--
INFO: Run Behavior\WriteHtmlCacheBehavior [ RunTime:0.001850s ]
INFO: [ view_filter ] --END-- [ RunTime:0.001992s ]
INFO: [ app_end ] --START--
INFO: Run Behavior\ShowPageTraceBehavior [ RunTime:0.002178s ]
INFO: [ app_end ] --END-- [ RunTime:0.002326s ]

[ 2019-05-22T09:46:18+08:00 ] 127.0.0.1 /index.php/home
INFO: [ app_init ] --START--
INFO: Run Behavior\BuildLiteBehavior [ RunTime:0.000049s ]
INFO: [ app_init ] --END-- [ RunTime:0.001281s ]
INFO: [ app_begin ] --START--
INFO: Run Behavior\ReadHtmlCacheBehavior [ RunTime:0.002056s ]
INFO: [ app_begin ] --END-- [ RunTime:0.002238s ]
INFO: [ view_parse ] --START--
INFO: [ template_filter ] --START--
INFO: Run Behavior\ContentReplaceBehavior [ RunTime:0.000208s ]
INFO: [ template_filter ] --END-- [ RunTime:0.000354s ]
INFO: Run Behavior\ParseTemplateBehavior [ RunTime:0.031677s ]
INFO: [ view_parse ] --END-- [ RunTime:0.031835s ]
INFO: [ view_filter ] --START--
INFO: Run Behavior\WriteHtmlCacheBehavior [ RunTime:0.001264s ]
INFO: [ view_filter ] --END-- [ RunTime:0.001398s ]
INFO: [ app_end ] --START--
INFO: Run Behavior\ShowPageTraceBehavior [ RunTime:0.003755s ]
INFO: [ app_end ] --END-- [ RunTime:0.003985s ]

[ 2019-05-22T09:46:26+08:00 ] 127.0.0.1 /index.php/home/index
INFO: [ app_init ] --START--
INFO: Run Behavior\BuildLiteBehavior [ RunTime:0.000049s ]
INFO: [ app_init ] --END-- [ RunTime:0.001182s ]
INFO: [ app_begin ] --START--
INFO: Run Behavior\ReadHtmlCacheBehavior [ RunTime:0.002064s ]
INFO: [ app_begin ] --END-- [ RunTime:0.002250s ]
INFO: [ view_parse ] --START--
INFO: [ template_filter ] --START--
INFO: Run Behavior\ContentReplaceBehavior [ RunTime:0.000237s ]
INFO: [ template_filter ] --END-- [ RunTime:0.000417s ]
INFO: Run Behavior\ParseTemplateBehavior [ RunTime:0.031176s ]
INFO: [ view_parse ] --END-- [ RunTime:0.031341s ]
INFO: [ view_filter ] --START--
INFO: Run Behavior\WriteHtmlCacheBehavior [ RunTime:0.001240s ]
INFO: [ view_filter ] --END-- [ RunTime:0.001377s ]
INFO: [ app_end ] --START--
INFO: Run Behavior\ShowPageTraceBehavior [ RunTime:0.002161s ]
INFO: [ app_end ] --END-- [ RunTime:0.002328s ]

[ 2019-05-22T09:46:32+08:00 ] 127.0.0.1 /index.php/home/index/lst
INFO: [ app_init ] --START--
INFO: Run Behavior\BuildLiteBehavior [ RunTime:0.000042s ]
INFO: [ app_init ] --END-- [ RunTime:0.001090s ]
INFO: [ app_begin ] --START--
INFO: Run Behavior\ReadHtmlCacheBehavior [ RunTime:0.002469s ]
INFO: [ app_begin ] --END-- [ RunTime:0.002631s ]
SQL: SHOW COLUMNS FROM `flower_goods` [ RunTime:0.0533s ]
SQL: SELECT COUNT(*) AS tp_count FROM `flower_goods` LIMIT 1   [ RunTime:0.0014s ]
SQL: SELECT a.*,b.brand_name FROM flower_goods a LEFT JOIN flower_brand b ON a.brand_id=b.id  ORDER BY goods_id desc LIMIT 0,4   [ RunTime:0.0043s ]
ERR: 模板不存在:./Application/Home/View/Index/lst.html

[ 2019-05-22T09:47:15+08:00 ] 127.0.0.1 /index.php/home/index/lst
INFO: [ app_init ] --START--
INFO: Run Behavior\BuildLiteBehavior [ RunTime:0.000042s ]
INFO: [ app_init ] --END-- [ RunTime:0.001111s ]
INFO: [ app_begin ] --START--
INFO: Run Behavior\ReadHtmlCacheBehavior [ RunTime:0.001811s ]
INFO: [ app_begin ] --END-- [ RunTime:0.001975s ]
SQL: SHOW COLUMNS FROM `flower_goods` [ RunTime:0.0175s ]
SQL: SELECT COUNT(*) AS tp_count FROM `flower_goods` LIMIT 1   [ RunTime:0.0010s ]
SQL: SELECT a.*,b.brand_name FROM flower_goods a LEFT JOIN flower_brand b ON a.brand_id=b.id  ORDER BY goods_id desc LIMIT 0,4   [ RunTime:0.0017s ]
ERR: 模板不存在:./Application/Home/View/Index/lst.html

[ 2019-05-22T09:47:28+08:00 ] 127.0.0.1 /index.php/home/index/lst
INFO: [ app_init ] --START--
INFO: Run Behavior\BuildLiteBehavior [ RunTime:0.000049s ]
INFO: [ app_init ] --END-- [ RunTime:0.001592s ]
INFO: [ app_begin ] --START--
INFO: Run Behavior\ReadHtmlCacheBehavior [ RunTime:0.002137s ]
INFO: [ app_begin ] --END-- [ RunTime:0.002308s ]
SQL: SHOW COLUMNS FROM `flower_goods` [ RunTime:0.0604s ]
SQL: SELECT COUNT(*) AS tp_count FROM `flower_goods` LIMIT 1   [ RunTime:0.0010s ]
SQL: SELECT a.*,b.brand_name FROM flower_goods a LEFT JOIN flower_brand b ON a.brand_id=b.id  ORDER BY goods_id desc LIMIT 0,4   [ RunTime:0.0018s ]
ERR: 模板不存在:./Application/Home/View/Index/lst.html

[ 2019-05-22T09:48:08+08:00 ] 127.0.0.1 /index.php/home/index
INFO: [ app_init ] --START--
INFO: Run Behavior\BuildLiteBehavior [ RunTime:0.000043s ]
INFO: [ app_init ] --END-- [ RunTime:0.001079s ]
INFO: [ app_begin ] --START--
INFO: Run Behavior\ReadHtmlCacheBehavior [ RunTime:0.002020s ]
INFO: [ app_begin ] --END-- [ RunTime:0.002228s ]
SQL: SHOW COLUMNS FROM `flower_goods` [ RunTime:0.0337s ]
SQL: SELECT COUNT(*) AS tp_count FROM `flower_goods` LIMIT 1   [ RunTime:0.0008s ]
SQL: SELECT a.*,b.brand_name FROM flower_goods a LEFT JOIN flower_brand b ON a.brand_id=b.id  ORDER BY goods_id desc LIMIT 0,4   [ RunTime:0.0015s ]
INFO: [ view_parse ] --START--
INFO: [ template_filter ] --START--
INFO: Run Behavior\ContentReplaceBehavior [ RunTime:0.000291s ]
INFO: [ template_filter ] --END-- [ RunTime:0.000496s ]
INFO: Run Behavior\ParseTemplateBehavior [ RunTime:0.037679s ]
INFO: [ view_parse ] --END-- [ RunTime:0.037877s ]
INFO: [ view_filter ] --START--
INFO: Run Behavior\WriteHtmlCacheBehavior [ RunTime:0.001300s ]
INFO: [ view_filter ] --END-- [ RunTime:0.001434s ]
INFO: [ app_end ] --START--
INFO: Run Behavior\ShowPageTraceBehavior [ RunTime:0.002059s ]
INFO: [ app_end ] --END-- [ RunTime:0.002219s ]

[ 2019-05-22T10:01:44+08:00 ] 127.0.0.1 /index.php/home/index
INFO: [ app_init ] --START--
INFO: Run Behavior\BuildLiteBehavior [ RunTime:0.000050s ]
INFO: [ app_init ] --END-- [ RunTime:0.001601s ]
INFO: [ app_begin ] --START--
INFO: Run Behavior\ReadHtmlCacheBehavior [ RunTime:0.002161s ]
INFO: [ app_begin ] --END-- [ RunTime:0.002327s ]
SQL: SHOW COLUMNS FROM `flower_goods` [ RunTime:0.0685s ]
SQL: SELECT COUNT(*) AS tp_count FROM `flower_goods` LIMIT 1   [ RunTime:0.0008s ]
SQL: SELECT a.*,b.brand_name FROM flower_goods a LEFT JOIN flower_brand b ON a.brand_id=b.id  ORDER BY goods_id desc LIMIT 0,4   [ RunTime:0.0013s ]
INFO: [ view_parse ] --START--
INFO: [ template_filter ] --START--
INFO: Run Behavior\ContentReplaceBehavior [ RunTime:0.000228s ]
INFO: [ template_filter ] --END-- [ RunTime:0.000377s ]
INFO: Run Behavior\ParseTemplateBehavior [ RunTime:0.033690s ]
INFO: [ view_parse ] --END-- [ RunTime:0.033878s ]
INFO: [ view_filter ] --START--
INFO: Run Behavior\WriteHtmlCacheBehavior [ RunTime:0.001554s ]
INFO: [ view_filter ] --END-- [ RunTime:0.001691s ]
INFO: [ app_end ] --START--
INFO: Run Behavior\ShowPageTraceBehavior [ RunTime:0.002485s ]
INFO: [ app_end ] --END-- [ RunTime:0.002668s ]

[ 2019-05-22T10:52:49+08:00 ] 127.0.0.1 /index.php/home/index
INFO: [ app_init ] --START--
INFO: Run Behavior\BuildLiteBehavior [ RunTime:0.000048s ]
INFO: [ app_init ] --END-- [ RunTime:0.001714s ]
INFO: [ app_begin ] --START--
INFO: Run Behavior\ReadHtmlCacheBehavior [ RunTime:0.004675s ]
INFO: [ app_begin ] --END-- [ RunTime:0.004906s ]
SQL: SHOW COLUMNS FROM `flower_goods` [ RunTime:0.0297s ]
SQL: SELECT COUNT(*) AS tp_count FROM `flower_goods` LIMIT 1   [ RunTime:0.0011s ]
SQL: SELECT a.*,b.brand_name FROM flower_goods a LEFT JOIN flower_brand b ON a.brand_id=b.id  ORDER BY goods_id desc LIMIT 0,4   [ RunTime:0.0016s ]
INFO: [ view_parse ] --START--
INFO: [ template_filter ] --START--
INFO: Run Behavior\ContentReplaceBehavior [ RunTime:0.000245s ]
INFO: [ template_filter ] --END-- [ RunTime:0.000391s ]
INFO: Run Behavior\ParseTemplateBehavior [ RunTime:0.036488s ]
INFO: [ view_parse ] --END-- [ RunTime:0.036676s ]
INFO: [ view_filter ] --START--
INFO: Run Behavior\WriteHtmlCacheBehavior [ RunTime:0.001386s ]
INFO: [ view_filter ] --END-- [ RunTime:0.001517s ]
INFO: [ app_end ] --START--
INFO: Run Behavior\ShowPageTraceBehavior [ RunTime:0.002547s ]
INFO: [ app_end ] --END-- [ RunTime:0.002712s ]

[ 2019-05-22T10:55:18+08:00 ] 127.0.0.1 /index.php/home/index
INFO: [ app_init ] --START--
INFO: Run Behavior\BuildLiteBehavior [ RunTime:0.000101s ]
INFO: [ app_init ] --END-- [ RunTime:0.003348s ]
INFO: [ app_begin ] --START--
INFO: Run Behavior\ReadHtmlCacheBehavior [ RunTime:0.002916s ]
INFO: [ app_begin ] --END-- [ RunTime:0.003119s ]
SQL: SHOW COLUMNS FROM `flower_goods` [ RunTime:0.0170s ]
SQL: SELECT COUNT(*) AS tp_count FROM `flower_goods` LIMIT 1   [ RunTime:0.0009s ]
SQL: SELECT a.*,b.brand_name FROM flower_goods a LEFT JOIN flower_brand b ON a.brand_id=b.id  ORDER BY goods_id desc LIMIT 0,4   [ RunTime:0.0014s ]
INFO: [ view_parse ] --START--
INFO: [ template_filter ] --START--
INFO: Run Behavior\ContentReplaceBehavior [ RunTime:0.000249s ]
INFO: [ template_filter ] --END-- [ RunTime:0.000405s ]
INFO: Run Behavior\ParseTemplateBehavior [ RunTime:0.034814s ]
INFO: [ view_parse ] --END-- [ RunTime:0.034998s ]
INFO: [ view_filter ] --START--
INFO: Run Behavior\WriteHtmlCacheBehavior [ RunTime:0.002476s ]
INFO: [ view_filter ] --END-- [ RunTime:0.002629s ]
INFO: [ app_end ] --START--
INFO: Run Behavior\ShowPageTraceBehavior [ RunTime:0.004132s ]
INFO: [ app_end ] --END-- [ RunTime:0.004303s ]

[ 2019-05-22T10:56:04+08:00 ] 127.0.0.1 /index.php/home/index
INFO: [ app_init ] --START--
INFO: Run Behavior\BuildLiteBehavior [ RunTime:0.000048s ]
INFO: [ app_init ] --END-- [ RunTime:0.001266s ]
INFO: [ app_begin ] --START--
INFO: Run Behavior\ReadHtmlCacheBehavior [ RunTime:0.002109s ]
INFO: [ app_begin ] --END-- [ RunTime:0.002310s ]
SQL: SHOW COLUMNS FROM `flower_goods` [ RunTime:0.0254s ]
SQL: SELECT COUNT(*) AS tp_count FROM `flower_goods` LIMIT 1   [ RunTime:0.0011s ]
SQL: SELECT a.*,b.brand_name FROM flower_goods a LEFT JOIN flower_brand b ON a.brand_id=b.id  ORDER BY goods_id desc LIMIT 0,4   [ RunTime:0.0024s ]
INFO: [ view_parse ] --START--
INFO: [ template_filter ] --START--
INFO: Run Behavior\ContentReplaceBehavior [ RunTime:0.000446s ]
INFO: [ template_filter ] --END-- [ RunTime:0.000721s ]
INFO: Run Behavior\ParseTemplateBehavior [ RunTime:0.056355s ]
INFO: [ view_parse ] --END-- [ RunTime:0.056598s ]
INFO: [ view_filter ] --START--
INFO: Run Behavior\WriteHtmlCacheBehavior [ RunTime:0.002278s ]
INFO: [ view_filter ] --END-- [ RunTime:0.002449s ]
INFO: [ app_end ] --START--
INFO: Run Behavior\ShowPageTraceBehavior [ RunTime:0.002756s ]
INFO: [ app_end ] --END-- [ RunTime:0.002948s ]

[ 2019-05-22T10:59:18+08:00 ] 127.0.0.1 /index.php/home/index
INFO: [ app_init ] --START--
INFO: Run Behavior\BuildLiteBehavior [ RunTime:0.000042s ]
INFO: [ app_init ] --END-- [ RunTime:0.001093s ]
INFO: [ app_begin ] --START--
INFO: Run Behavior\ReadHtmlCacheBehavior [ RunTime:0.001769s ]
INFO: [ app_begin ] --END-- [ RunTime:0.001932s ]
SQL: SHOW COLUMNS FROM `flower_goods` [ RunTime:0.0240s ]
SQL: SELECT COUNT(*) AS tp_count FROM `flower_goods` LIMIT 1   [ RunTime:0.0009s ]
SQL: SELECT a.*,b.brand_name FROM flower_goods a LEFT JOIN flower_brand b ON a.brand_id=b.id  ORDER BY goods_id desc LIMIT 0,4   [ RunTime:0.0014s ]
INFO: [ view_parse ] --START--
INFO: [ template_filter ] --START--
INFO: Run Behavior\ContentReplaceBehavior [ RunTime:0.000232s ]
INFO: [ template_filter ] --END-- [ RunTime:0.000374s ]
INFO: Run Behavior\ParseTemplateBehavior [ RunTime:0.030240s ]
INFO: [ view_parse ] --END-- [ RunTime:0.030483s ]
INFO: [ view_filter ] --START--
INFO: Run Behavior\WriteHtmlCacheBehavior [ RunTime:0.002382s ]
INFO: [ view_filter ] --END-- [ RunTime:0.002535s ]
INFO: [ app_end ] --START--
INFO: Run Behavior\ShowPageTraceBehavior [ RunTime:0.004457s ]
INFO: [ app_end ] --END-- [ RunTime:0.004683s ]

[ 2019-05-22T11:00:03+08:00 ] 127.0.0.1 /index.php/home/index
INFO: [ app_init ] --START--
INFO: Run Behavior\BuildLiteBehavior [ RunTime:0.000043s ]
INFO: [ app_init ] --END-- [ RunTime:0.001042s ]
INFO: [ app_begin ] --START--
INFO: Run Behavior\ReadHtmlCacheBehavior [ RunTime:0.002724s ]
INFO: [ app_begin ] --END-- [ RunTime:0.003193s ]
SQL: SHOW COLUMNS FROM `flower_goods` [ RunTime:0.0444s ]
SQL: SELECT COUNT(*) AS tp_count FROM `flower_goods` LIMIT 1   [ RunTime:0.0010s ]
SQL: SELECT a.*,b.brand_name FROM flower_goods a LEFT JOIN flower_brand b ON a.brand_id=b.id  ORDER BY goods_id desc LIMIT 0,4   [ RunTime:0.0019s ]
INFO: [ view_parse ] --START--
INFO: [ template_filter ] --START--
INFO: Run Behavior\ContentReplaceBehavior [ RunTime:0.000253s ]
INFO: [ template_filter ] --END-- [ RunTime:0.000432s ]
INFO: Run Behavior\ParseTemplateBehavior [ RunTime:0.036656s ]
INFO: [ view_parse ] --END-- [ RunTime:0.036889s ]
INFO: [ view_filter ] --START--
INFO: Run Behavior\WriteHtmlCacheBehavior [ RunTime:0.001587s ]
INFO: [ view_filter ] --END-- [ RunTime:0.001717s ]
INFO: [ app_end ] --START--
INFO: Run Behavior\ShowPageTraceBehavior [ RunTime:0.003591s ]
INFO: [ app_end ] --END-- [ RunTime:0.003785s ]

[ 2019-05-22T11:03:10+08:00 ] 127.0.0.1 /index.php/home/index
INFO: [ app_init ] --START--
INFO: Run Behavior\BuildLiteBehavior [ RunTime:0.000044s ]
INFO: [ app_init ] --END-- [ RunTime:0.001289s ]
INFO: [ app_begin ] --START--
INFO: Run Behavior\ReadHtmlCacheBehavior [ RunTime:0.002907s ]
INFO: [ app_begin ] --END-- [ RunTime:0.003085s ]
SQL: SHOW COLUMNS FROM `flower_goods` [ RunTime:0.1157s ]
SQL: SELECT COUNT(*) AS tp_count FROM `flower_goods` LIMIT 1   [ RunTime:0.0016s ]
SQL: SELECT a.*,b.brand_name FROM flower_goods a LEFT JOIN flower_brand b ON a.brand_id=b.id  ORDER BY goods_id desc LIMIT 0,4   [ RunTime:0.0022s ]
INFO: [ view_parse ] --START--
INFO: [ template_filter ] --START--
INFO: Run Behavior\ContentReplaceBehavior [ RunTime:0.000256s ]
INFO: [ template_filter ] --END-- [ RunTime:0.000432s ]
INFO: Run Behavior\ParseTemplateBehavior [ RunTime:0.040510s ]
INFO: [ view_parse ] --END-- [ RunTime:0.040737s ]
INFO: [ view_filter ] --START--
INFO: Run Behavior\WriteHtmlCacheBehavior [ RunTime:0.001380s ]
INFO: [ view_filter ] --END-- [ RunTime:0.001527s ]
INFO: [ app_end ] --START--
INFO: Run Behavior\ShowPageTraceBehavior [ RunTime:0.002456s ]
INFO: [ app_end ] --END-- [ RunTime:0.002624s ]

[ 2019-05-22T11:04:34+08:00 ] 127.0.0.1 /index.php/home/index
INFO: [ app_init ] --START--
INFO: Run Behavior\BuildLiteBehavior [ RunTime:0.000054s ]
INFO: [ app_init ] --END-- [ RunTime:0.004053s ]
INFO: [ app_begin ] --START--
INFO: Run Behavior\ReadHtmlCacheBehavior [ RunTime:0.003254s ]
INFO: [ app_begin ] --END-- [ RunTime:0.003475s ]
SQL: SHOW COLUMNS FROM `flower_goods` [ RunTime:0.0190s ]
SQL: SELECT COUNT(*) AS tp_count FROM `flower_goods` LIMIT 1   [ RunTime:0.0008s ]
SQL: SELECT a.*,b.brand_name FROM flower_goods a LEFT JOIN flower_brand b ON a.brand_id=b.id  ORDER BY goods_id desc LIMIT 0,4   [ RunTime:0.0025s ]
INFO: [ view_parse ] --START--
INFO: [ template_filter ] --START--
INFO: Run Behavior\ContentReplaceBehavior [ RunTime:0.000250s ]
INFO: [ template_filter ] --END-- [ RunTime:0.000418s ]
INFO: Run Behavior\ParseTemplateBehavior [ RunTime:0.042507s ]
INFO: [ view_parse ] --END-- [ RunTime:0.042692s ]
INFO: [ view_filter ] --START--
INFO: Run Behavior\WriteHtmlCacheBehavior [ RunTime:0.007506s ]
INFO: [ view_filter ] --END-- [ RunTime:0.007665s ]
INFO: [ app_end ] --START--
INFO: Run Behavior\ShowPageTraceBehavior [ RunTime:0.004779s ]
INFO: [ app_end ] --END-- [ RunTime:0.005425s ]

[ 2019-05-22T11:05:24+08:00 ] 127.0.0.1 /index.php/home/index
INFO: [ app_init ] --START--
INFO: Run Behavior\BuildLiteBehavior [ RunTime:0.000048s ]
INFO: [ app_init ] --END-- [ RunTime:0.001463s ]
INFO: [ app_begin ] --START--
INFO: Run Behavior\ReadHtmlCacheBehavior [ RunTime:0.003559s ]
INFO: [ app_begin ] --END-- [ RunTime:0.003765s ]
SQL: SHOW COLUMNS FROM `flower_goods` [ RunTime:0.0215s ]
SQL: SELECT COUNT(*) AS tp_count FROM `flower_goods` LIMIT 1   [ RunTime:0.0011s ]
SQL: SELECT a.*,b.brand_name FROM flower_goods a LEFT JOIN flower_brand b ON a.brand_id=b.id  ORDER BY goods_id desc LIMIT 0,4   [ RunTime:0.0023s ]
INFO: [ view_parse ] --START--
INFO: [ template_filter ] --START--
INFO: Run Behavior\ContentReplaceBehavior [ RunTime:0.000216s ]
INFO: [ template_filter ] --END-- [ RunTime:0.000408s ]
INFO: Run Behavior\ParseTemplateBehavior [ RunTime:0.038666s ]
INFO: [ view_parse ] --END-- [ RunTime:0.038906s ]
INFO: [ view_filter ] --START--
INFO: Run Behavior\WriteHtmlCacheBehavior [ RunTime:0.002397s ]
INFO: [ view_filter ] --END-- [ RunTime:0.002548s ]
INFO: [ app_end ] --START--
INFO: Run Behavior\ShowPageTraceBehavior [ RunTime:0.004335s ]
INFO: [ app_end ] --END-- [ RunTime:0.004547s ]

[ 2019-05-22T11:05:29+08:00 ] 127.0.0.1 /index.php/home/index
INFO: [ app_init ] --START--
INFO: Run Behavior\BuildLiteBehavior [ RunTime:0.000045s ]
INFO: [ app_init ] --END-- [ RunTime:0.001302s ]
INFO: [ app_begin ] --START--
INFO: Run Behavior\ReadHtmlCacheBehavior [ RunTime:0.002704s ]
INFO: [ app_begin ] --END-- [ RunTime:0.002870s ]
SQL: SHOW COLUMNS FROM `flower_goods` [ RunTime:0.0288s ]
SQL: SELECT COUNT(*) AS tp_count FROM `flower_goods` LIMIT 1   [ RunTime:0.0012s ]
SQL: SELECT a.*,b.brand_name FROM flower_goods a LEFT JOIN flower_brand b ON a.brand_id=b.id  ORDER BY goods_id desc LIMIT 0,4   [ RunTime:0.0015s ]
INFO: [ view_parse ] --START--
INFO: [ template_filter ] --START--
INFO: Run Behavior\ContentReplaceBehavior [ RunTime:0.000181s ]
INFO: [ template_filter ] --END-- [ RunTime:0.000339s ]
INFO: Run Behavior\ParseTemplateBehavior [ RunTime:0.034303s ]
INFO: [ view_parse ] --END-- [ RunTime:0.034524s ]
INFO: [ view_filter ] --START--
INFO: Run Behavior\WriteHtmlCacheBehavior [ RunTime:0.002486s ]
INFO: [ view_filter ] --END-- [ RunTime:0.002636s ]
INFO: [ app_end ] --START--
INFO: Run Behavior\ShowPageTraceBehavior [ RunTime:0.005010s ]
INFO: [ app_end ] --END-- [ RunTime:0.005193s ]

[ 2019-05-22T11:06:29+08:00 ] 127.0.0.1 /index.php/home/index
INFO: [ app_init ] --START--
INFO: Run Behavior\BuildLiteBehavior [ RunTime:0.000050s ]
INFO: [ app_init ] --END-- [ RunTime:0.004716s ]
INFO: [ app_begin ] --START--
INFO: Run Behavior\ReadHtmlCacheBehavior [ RunTime:0.006043s ]
INFO: [ app_begin ] --END-- [ RunTime:0.006297s ]
SQL: SHOW COLUMNS FROM `flower_goods` [ RunTime:0.0169s ]
SQL: SELECT COUNT(*) AS tp_count FROM `flower_goods` LIMIT 1   [ RunTime:0.0011s ]
SQL: SELECT a.*,b.brand_name FROM flower_goods a LEFT JOIN flower_brand b ON a.brand_id=b.id  ORDER BY goods_id desc LIMIT 0,4   [ RunTime:0.0013s ]
INFO: [ view_parse ] --START--
INFO: [ template_filter ] --START--
INFO: Run Behavior\ContentReplaceBehavior [ RunTime:0.000195s ]
INFO: [ template_filter ] --END-- [ RunTime:0.000355s ]
INFO: Run Behavior\ParseTemplateBehavior [ RunTime:0.034110s ]
INFO: [ view_parse ] --END-- [ RunTime:0.034364s ]
INFO: [ view_filter ] --START--
INFO: Run Behavior\WriteHtmlCacheBehavior [ RunTime:0.002647s ]
INFO: [ view_filter ] --END-- [ RunTime:0.002813s ]
INFO: [ app_end ] --START--
INFO: Run Behavior\ShowPageTraceBehavior [ RunTime:0.004192s ]
INFO: [ app_end ] --END-- [ RunTime:0.004535s ]

[ 2019-05-22T11:07:13+08:00 ] 127.0.0.1 /index.php/home/index
INFO: [ app_init ] --START--
INFO: Run Behavior\BuildLiteBehavior [ RunTime:0.000044s ]
INFO: [ app_init ] --END-- [ RunTime:0.001348s ]
INFO: [ app_begin ] --START--
INFO: Run Behavior\ReadHtmlCacheBehavior [ RunTime:0.004664s ]
INFO: [ app_begin ] --END-- [ RunTime:0.004985s ]
SQL: SHOW COLUMNS FROM `flower_goods` [ RunTime:0.0275s ]
SQL: SELECT COUNT(*) AS tp_count FROM `flower_goods` LIMIT 1   [ RunTime:0.0010s ]
SQL: SELECT a.*,b.brand_name FROM flower_goods a LEFT JOIN flower_brand b ON a.brand_id=b.id  ORDER BY goods_id desc LIMIT 0,4   [ RunTime:0.0012s ]
INFO: [ view_parse ] --START--
INFO: [ template_filter ] --START--
INFO: Run Behavior\ContentReplaceBehavior [ RunTime:0.000184s ]
INFO: [ template_filter ] --END-- [ RunTime:0.000337s ]
INFO: Run Behavior\ParseTemplateBehavior [ RunTime:0.036334s ]
INFO: [ view_parse ] --END-- [ RunTime:0.036534s ]
INFO: [ view_filter ] --START--
INFO: Run Behavior\WriteHtmlCacheBehavior [ RunTime:0.002384s ]
INFO: [ view_filter ] --END-- [ RunTime:0.002532s ]
INFO: [ app_end ] --START--
INFO: Run Behavior\ShowPageTraceBehavior [ RunTime:0.003963s ]
INFO: [ app_end ] --END-- [ RunTime:0.004123s ]

