[ 2019-05-06T00:00:10+08:00 ] 127.0.0.1 /Public/Common/bootstrap/dist/js/bootstrap.min.js
INFO: [ app_init ] --START--
INFO: Run Behavior\BuildLiteBehavior [ RunTime:0.000059s ]
INFO: [ app_init ] --END-- [ RunTime:0.002142s ]
ERR: 无法加载模块:Public

[ 2019-05-06T00:00:10+08:00 ] 127.0.0.1 /Public/Common/bootstrap/dist/js/bootstrap.min.js
INFO: [ app_init ] --START--
INFO: Run Behavior\BuildLiteBehavior [ RunTime:0.000058s ]
INFO: [ app_init ] --END-- [ RunTime:0.001670s ]
ERR: 无法加载模块:Public

[ 2019-05-06T00:00:10+08:00 ] 127.0.0.1 /Public/Admin/fonts/fontawesome-webfont.woff2?v=4.7.0
INFO: [ app_init ] --START--
INFO: Run Behavior\BuildLiteBehavior [ RunTime:0.000083s ]
INFO: [ app_init ] --END-- [ RunTime:0.003781s ]
ERR: 无法加载模块:Public

[ 2019-05-06T00:00:11+08:00 ] 127.0.0.1 /Public/Admin/fonts/fontawesome-webfont.woff?v=4.7.0
INFO: [ app_init ] --START--
INFO: Run Behavior\BuildLiteBehavior [ RunTime:0.000059s ]
INFO: [ app_init ] --END-- [ RunTime:0.001631s ]
ERR: 无法加载模块:Public

[ 2019-05-06T00:00:11+08:00 ] 127.0.0.1 /Public/Admin/fonts/fontawesome-webfont.ttf?v=4.7.0
INFO: [ app_init ] --START--
INFO: Run Behavior\BuildLiteBehavior [ RunTime:0.000053s ]
INFO: [ app_init ] --END-- [ RunTime:0.001400s ]
ERR: 无法加载模块:Public

[ 2019-05-06T00:00:28+08:00 ] 127.0.0.1 /Public/Common/bootstrap/dist/js/bootstrap.min.js
INFO: [ app_init ] --START--
INFO: Run Behavior\BuildLiteBehavior [ RunTime:0.000051s ]
INFO: [ app_init ] --END-- [ RunTime:0.001323s ]
ERR: 无法加载模块:Public

[ 2019-05-06T00:00:28+08:00 ] 127.0.0.1 /Public/Common/bootstrap/dist/js/bootstrap.min.js
INFO: [ app_init ] --START--
INFO: Run Behavior\BuildLiteBehavior [ RunTime:0.000056s ]
INFO: [ app_init ] --END-- [ RunTime:0.001393s ]
ERR: 无法加载模块:Public

[ 2019-05-06T00:00:28+08:00 ] 127.0.0.1 /Public/Admin/fonts/fontawesome-webfont.woff2?v=4.7.0
INFO: [ app_init ] --START--
INFO: Run Behavior\BuildLiteBehavior [ RunTime:0.000057s ]
INFO: [ app_init ] --END-- [ RunTime:0.001625s ]
ERR: 无法加载模块:Public

[ 2019-05-06T00:00:28+08:00 ] 127.0.0.1 /Public/Admin/fonts/fontawesome-webfont.woff?v=4.7.0
INFO: [ app_init ] --START--
INFO: Run Behavior\BuildLiteBehavior [ RunTime:0.000052s ]
INFO: [ app_init ] --END-- [ RunTime:0.001358s ]
ERR: 无法加载模块:Public

[ 2019-05-06T00:00:28+08:00 ] 127.0.0.1 /Public/Admin/fonts/fontawesome-webfont.ttf?v=4.7.0
INFO: [ app_init ] --START--
INFO: Run Behavior\BuildLiteBehavior [ RunTime:0.000056s ]
INFO: [ app_init ] --END-- [ RunTime:0.001355s ]
ERR: 无法加载模块:Public

[ 2019-05-06T00:00:32+08:00 ] 127.0.0.1 /Public/Common/bootstrap/dist/js/bootstrap.min.js
INFO: [ app_init ] --START--
INFO: Run Behavior\BuildLiteBehavior [ RunTime:0.000057s ]
INFO: [ app_init ] --END-- [ RunTime:0.001556s ]
ERR: 无法加载模块:Public

[ 2019-05-06T00:00:32+08:00 ] 127.0.0.1 /Public/Admin/fonts/fontawesome-webfont.woff2?v=4.7.0
INFO: [ app_init ] --START--
INFO: Run Behavior\BuildLiteBehavior [ RunTime:0.000055s ]
INFO: [ app_init ] --END-- [ RunTime:0.001369s ]
ERR: 无法加载模块:Public

[ 2019-05-06T00:00:32+08:00 ] 127.0.0.1 /Public/Admin/fonts/fontawesome-webfont.woff?v=4.7.0
INFO: [ app_init ] --START--
INFO: Run Behavior\BuildLiteBehavior [ RunTime:0.000053s ]
INFO: [ app_init ] --END-- [ RunTime:0.001315s ]
ERR: 无法加载模块:Public

[ 2019-05-06T00:00:32+08:00 ] 127.0.0.1 /Public/Admin/fonts/fontawesome-webfont.ttf?v=4.7.0
INFO: [ app_init ] --START--
INFO: Run Behavior\BuildLiteBehavior [ RunTime:0.000227s ]
INFO: [ app_init ] --END-- [ RunTime:0.002556s ]
ERR: 无法加载模块:Public

[ 2019-05-06T00:01:20+08:00 ] 127.0.0.1 /Public/Common/bootstrap/dist/js/bootstrap.min.js
INFO: [ app_init ] --START--
INFO: Run Behavior\BuildLiteBehavior [ RunTime:0.000058s ]
INFO: [ app_init ] --END-- [ RunTime:0.001498s ]
ERR: 无法加载模块:Public

[ 2019-05-06T00:01:20+08:00 ] 127.0.0.1 /Public/Common/bootstrap/dist/js/bootstrap.min.js
INFO: [ app_init ] --START--
INFO: Run Behavior\BuildLiteBehavior [ RunTime:0.000058s ]
INFO: [ app_init ] --END-- [ RunTime:0.001490s ]
ERR: 无法加载模块:Public

[ 2019-05-06T00:01:20+08:00 ] 127.0.0.1 /Public/Admin/fonts/fontawesome-webfont.woff2?v=4.7.0
INFO: [ app_init ] --START--
INFO: Run Behavior\BuildLiteBehavior [ RunTime:0.000056s ]
INFO: [ app_init ] --END-- [ RunTime:0.001705s ]
ERR: 无法加载模块:Public

[ 2019-05-06T00:01:21+08:00 ] 127.0.0.1 /Public/Admin/fonts/fontawesome-webfont.woff?v=4.7.0
INFO: [ app_init ] --START--
INFO: Run Behavior\BuildLiteBehavior [ RunTime:0.000059s ]
INFO: [ app_init ] --END-- [ RunTime:0.001623s ]
ERR: 无法加载模块:Public

[ 2019-05-06T00:01:21+08:00 ] 127.0.0.1 /Public/Admin/fonts/fontawesome-webfont.ttf?v=4.7.0
INFO: [ app_init ] --START--
INFO: Run Behavior\BuildLiteBehavior [ RunTime:0.000059s ]
INFO: [ app_init ] --END-- [ RunTime:0.001607s ]
ERR: 无法加载模块:Public

[ 2019-05-06T00:02:09+08:00 ] 127.0.0.1 /Public/Common/bootstrap/dist/js/bootstrap.min.js
INFO: [ app_init ] --START--
INFO: Run Behavior\BuildLiteBehavior [ RunTime:0.000056s ]
INFO: [ app_init ] --END-- [ RunTime:0.001625s ]
ERR: 无法加载模块:Public

[ 2019-05-06T00:02:09+08:00 ] 127.0.0.1 /Public/Admin/fonts/fontawesome-webfont.woff2?v=4.7.0
INFO: [ app_init ] --START--
INFO: Run Behavior\BuildLiteBehavior [ RunTime:0.000453s ]
INFO: [ app_init ] --END-- [ RunTime:0.004068s ]
ERR: 无法加载模块:Public

[ 2019-05-06T00:02:09+08:00 ] 127.0.0.1 /Public/Admin/fonts/fontawesome-webfont.woff?v=4.7.0
INFO: [ app_init ] --START--
INFO: Run Behavior\BuildLiteBehavior [ RunTime:0.000055s ]
INFO: [ app_init ] --END-- [ RunTime:0.001496s ]
ERR: 无法加载模块:Public

[ 2019-05-06T00:02:09+08:00 ] 127.0.0.1 /Public/Admin/fonts/fontawesome-webfont.ttf?v=4.7.0
INFO: [ app_init ] --START--
INFO: Run Behavior\BuildLiteBehavior [ RunTime:0.000061s ]
INFO: [ app_init ] --END-- [ RunTime:0.001823s ]
ERR: 无法加载模块:Public

[ 2019-05-06T00:02:21+08:00 ] 127.0.0.1 /Public/Common/bootstrap/dist/js/bootstrap.min.js
INFO: [ app_init ] --START--
INFO: Run Behavior\BuildLiteBehavior [ RunTime:0.000080s ]
INFO: [ app_init ] --END-- [ RunTime:0.007922s ]
ERR: 无法加载模块:Public

[ 2019-05-06T00:02:21+08:00 ] 127.0.0.1 /Public/Common/bootstrap/dist/js/bootstrap.min.js
INFO: [ app_init ] --START--
INFO: Run Behavior\BuildLiteBehavior [ RunTime:0.000057s ]
INFO: [ app_init ] --END-- [ RunTime:0.002261s ]
ERR: 无法加载模块:Public

[ 2019-05-06T00:02:21+08:00 ] 127.0.0.1 /Public/Admin/fonts/fontawesome-webfont.woff2?v=4.7.0
INFO: [ app_init ] --START--
INFO: Run Behavior\BuildLiteBehavior [ RunTime:0.000057s ]
INFO: [ app_init ] --END-- [ RunTime:0.001721s ]
ERR: 无法加载模块:Public

[ 2019-05-06T00:02:21+08:00 ] 127.0.0.1 /Public/Admin/fonts/fontawesome-webfont.woff?v=4.7.0
INFO: [ app_init ] --START--
INFO: Run Behavior\BuildLiteBehavior [ RunTime:0.000056s ]
INFO: [ app_init ] --END-- [ RunTime:0.001545s ]
ERR: 无法加载模块:Public

[ 2019-05-06T00:02:22+08:00 ] 127.0.0.1 /Public/Admin/fonts/fontawesome-webfont.ttf?v=4.7.0
INFO: [ app_init ] --START--
INFO: Run Behavior\BuildLiteBehavior [ RunTime:0.000058s ]
INFO: [ app_init ] --END-- [ RunTime:0.002989s ]
ERR: 无法加载模块:Public

[ 2019-05-06T00:03:20+08:00 ] 127.0.0.1 /Public/Admin/fonts/fontawesome-webfont.woff2?v=4.7.0
INFO: [ app_init ] --START--
INFO: Run Behavior\BuildLiteBehavior [ RunTime:0.000060s ]
INFO: [ app_init ] --END-- [ RunTime:0.003529s ]
ERR: 无法加载模块:Public

[ 2019-05-06T00:03:20+08:00 ] 127.0.0.1 /Public/Admin/fonts/fontawesome-webfont.woff?v=4.7.0
INFO: [ app_init ] --START--
INFO: Run Behavior\BuildLiteBehavior [ RunTime:0.000057s ]
INFO: [ app_init ] --END-- [ RunTime:0.001593s ]
ERR: 无法加载模块:Public

[ 2019-05-06T00:03:20+08:00 ] 127.0.0.1 /Public/Admin/fonts/fontawesome-webfont.ttf?v=4.7.0
INFO: [ app_init ] --START--
INFO: Run Behavior\BuildLiteBehavior [ RunTime:0.000058s ]
INFO: [ app_init ] --END-- [ RunTime:0.001544s ]
ERR: 无法加载模块:Public

[ 2019-05-06T00:03:28+08:00 ] 127.0.0.1 /Public/Admin/fonts/fontawesome-webfont.woff2?v=4.7.0
INFO: [ app_init ] --START--
INFO: Run Behavior\BuildLiteBehavior [ RunTime:0.000062s ]
INFO: [ app_init ] --END-- [ RunTime:0.002162s ]
ERR: 无法加载模块:Public

[ 2019-05-06T00:03:28+08:00 ] 127.0.0.1 /Public/Admin/fonts/fontawesome-webfont.woff?v=4.7.0
INFO: [ app_init ] --START--
INFO: Run Behavior\BuildLiteBehavior [ RunTime:0.000059s ]
INFO: [ app_init ] --END-- [ RunTime:0.001629s ]
ERR: 无法加载模块:Public

[ 2019-05-06T00:03:29+08:00 ] 127.0.0.1 /Public/Admin/fonts/fontawesome-webfont.ttf?v=4.7.0
INFO: [ app_init ] --START--
INFO: Run Behavior\BuildLiteBehavior [ RunTime:0.000057s ]
INFO: [ app_init ] --END-- [ RunTime:0.001548s ]
ERR: 无法加载模块:Public

[ 2019-05-06T00:03:41+08:00 ] 127.0.0.1 /Public/Admin/fonts/fontawesome-webfont.woff2?v=4.7.0
INFO: [ app_init ] --START--
INFO: Run Behavior\BuildLiteBehavior [ RunTime:0.000165s ]
INFO: [ app_init ] --END-- [ RunTime:0.002467s ]
ERR: 无法加载模块:Public

[ 2019-05-06T00:03:41+08:00 ] 127.0.0.1 /Public/Admin/fonts/fontawesome-webfont.woff?v=4.7.0
INFO: [ app_init ] --START--
INFO: Run Behavior\BuildLiteBehavior [ RunTime:0.000059s ]
INFO: [ app_init ] --END-- [ RunTime:0.001917s ]
ERR: 无法加载模块:Public

[ 2019-05-06T00:03:41+08:00 ] 127.0.0.1 /Public/Admin/fonts/fontawesome-webfont.ttf?v=4.7.0
INFO: [ app_init ] --START--
INFO: Run Behavior\BuildLiteBehavior [ RunTime:0.000057s ]
INFO: [ app_init ] --END-- [ RunTime:0.001702s ]
ERR: 无法加载模块:Public

[ 2019-05-06T00:05:30+08:00 ] 127.0.0.1 /Public/Admin/fonts/fontawesome-webfont.woff2?v=4.7.0
INFO: [ app_init ] --START--
INFO: Run Behavior\BuildLiteBehavior [ RunTime:0.000061s ]
INFO: [ app_init ] --END-- [ RunTime:0.002111s ]
ERR: 无法加载模块:Public

[ 2019-05-06T00:05:30+08:00 ] 127.0.0.1 /Public/Admin/fonts/fontawesome-webfont.woff?v=4.7.0
INFO: [ app_init ] --START--
INFO: Run Behavior\BuildLiteBehavior [ RunTime:0.000231s ]
INFO: [ app_init ] --END-- [ RunTime:0.003173s ]
ERR: 无法加载模块:Public

[ 2019-05-06T00:05:31+08:00 ] 127.0.0.1 /Public/Admin/fonts/fontawesome-webfont.ttf?v=4.7.0
INFO: [ app_init ] --START--
INFO: Run Behavior\BuildLiteBehavior [ RunTime:0.000067s ]
INFO: [ app_init ] --END-- [ RunTime:0.001497s ]
ERR: 无法加载模块:Public

[ 2019-05-06T08:37:43+08:00 ] 127.0.0.1 /Public/Admin/fonts/fontawesome-webfont.woff2?v=4.7.0
INFO: [ app_init ] --START--
INFO: Run Behavior\BuildLiteBehavior [ RunTime:0.000045s ]
INFO: [ app_init ] --END-- [ RunTime:0.001120s ]
ERR: 无法加载模块:Public

[ 2019-05-06T08:37:43+08:00 ] 127.0.0.1 /Public/Admin/fonts/fontawesome-webfont.woff?v=4.7.0
INFO: [ app_init ] --START--
INFO: Run Behavior\BuildLiteBehavior [ RunTime:0.000073s ]
INFO: [ app_init ] --END-- [ RunTime:0.002240s ]
ERR: 无法加载模块:Public

[ 2019-05-06T08:37:43+08:00 ] 127.0.0.1 /Public/Admin/fonts/fontawesome-webfont.ttf?v=4.7.0
INFO: [ app_init ] --START--
INFO: Run Behavior\BuildLiteBehavior [ RunTime:0.000050s ]
INFO: [ app_init ] --END-- [ RunTime:0.001293s ]
ERR: 无法加载模块:Public

[ 2019-05-06T08:37:43+08:00 ] 127.0.0.1 /favicon.ico
INFO: [ app_init ] --START--
INFO: Run Behavior\BuildLiteBehavior [ RunTime:0.000047s ]
INFO: [ app_init ] --END-- [ RunTime:0.001319s ]
ERR: 无法加载模块:Favicon

[ 2019-05-06T08:49:14+08:00 ] 127.0.0.1 /Public/Admin/fonts/fontawesome-webfont.woff2?v=4.7.0
INFO: [ app_init ] --START--
INFO: Run Behavior\BuildLiteBehavior [ RunTime:0.000054s ]
INFO: [ app_init ] --END-- [ RunTime:0.001922s ]
ERR: 无法加载模块:Public

[ 2019-05-06T08:49:14+08:00 ] 127.0.0.1 /Public/Admin/fonts/fontawesome-webfont.woff?v=4.7.0
INFO: [ app_init ] --START--
INFO: Run Behavior\BuildLiteBehavior [ RunTime:0.000048s ]
INFO: [ app_init ] --END-- [ RunTime:0.001317s ]
ERR: 无法加载模块:Public

[ 2019-05-06T08:49:14+08:00 ] 127.0.0.1 /Public/Admin/fonts/fontawesome-webfont.ttf?v=4.7.0
INFO: [ app_init ] --START--
INFO: Run Behavior\BuildLiteBehavior [ RunTime:0.000048s ]
INFO: [ app_init ] --END-- [ RunTime:0.002076s ]
ERR: 无法加载模块:Public

[ 2019-05-06T08:56:29+08:00 ] 127.0.0.1 /Public/Admin/fonts/fontawesome-webfont.woff2?v=4.7.0
INFO: [ app_init ] --START--
INFO: Run Behavior\BuildLiteBehavior [ RunTime:0.000060s ]
INFO: [ app_init ] --END-- [ RunTime:0.002741s ]
ERR: 无法加载模块:Public

[ 2019-05-06T08:56:29+08:00 ] 127.0.0.1 /Public/Admin/fonts/fontawesome-webfont.woff?v=4.7.0
INFO: [ app_init ] --START--
INFO: Run Behavior\BuildLiteBehavior [ RunTime:0.000324s ]
INFO: [ app_init ] --END-- [ RunTime:0.001818s ]
ERR: 无法加载模块:Public

[ 2019-05-06T08:56:29+08:00 ] 127.0.0.1 /Public/Admin/fonts/fontawesome-webfont.ttf?v=4.7.0
INFO: [ app_init ] --START--
INFO: Run Behavior\BuildLiteBehavior [ RunTime:0.000067s ]
INFO: [ app_init ] --END-- [ RunTime:0.002470s ]
ERR: 无法加载模块:Public

[ 2019-05-06T09:01:56+08:00 ] 127.0.0.1 /Public/Admin/fonts/fontawesome-webfont.woff2?v=4.7.0
INFO: [ app_init ] --START--
INFO: Run Behavior\BuildLiteBehavior [ RunTime:0.000045s ]
INFO: [ app_init ] --END-- [ RunTime:0.001320s ]
ERR: 无法加载模块:Public

[ 2019-05-06T09:01:56+08:00 ] 127.0.0.1 /Public/Admin/fonts/fontawesome-webfont.woff?v=4.7.0
INFO: [ app_init ] --START--
INFO: Run Behavior\BuildLiteBehavior [ RunTime:0.000070s ]
INFO: [ app_init ] --END-- [ RunTime:0.001966s ]
ERR: 无法加载模块:Public

[ 2019-05-06T09:01:56+08:00 ] 127.0.0.1 /Public/Admin/fonts/fontawesome-webfont.ttf?v=4.7.0
INFO: [ app_init ] --START--
INFO: Run Behavior\BuildLiteBehavior [ RunTime:0.000047s ]
INFO: [ app_init ] --END-- [ RunTime:0.001422s ]
ERR: 无法加载模块:Public

[ 2019-05-06T16:11:23+08:00 ] 127.0.0.1 /Public/Admin/fonts/fontawesome-webfont.woff2?v=4.7.0
INFO: [ app_init ] --START--
INFO: Run Behavior\BuildLiteBehavior [ RunTime:0.000065s ]
INFO: [ app_init ] --END-- [ RunTime:0.003068s ]
ERR: 无法加载模块:Public

[ 2019-05-06T16:11:23+08:00 ] 127.0.0.1 /Public/Admin/fonts/fontawesome-webfont.woff?v=4.7.0
INFO: [ app_init ] --START--
INFO: Run Behavior\BuildLiteBehavior [ RunTime:0.000075s ]
INFO: [ app_init ] --END-- [ RunTime:0.003857s ]
ERR: 无法加载模块:Public

[ 2019-05-06T16:11:23+08:00 ] 127.0.0.1 /Public/Admin/fonts/fontawesome-webfont.ttf?v=4.7.0
INFO: [ app_init ] --START--
INFO: Run Behavior\BuildLiteBehavior [ RunTime:0.000069s ]
INFO: [ app_init ] --END-- [ RunTime:0.002377s ]
ERR: 无法加载模块:Public

[ 2019-05-06T17:34:05+08:00 ] 127.0.0.1 /Public/Admin/fonts/fontawesome-webfont.woff2?v=4.7.0
INFO: [ app_init ] --START--
INFO: Run Behavior\BuildLiteBehavior [ RunTime:0.000051s ]
INFO: [ app_init ] --END-- [ RunTime:0.001706s ]
ERR: 无法加载模块:Public

[ 2019-05-06T17:34:05+08:00 ] 127.0.0.1 /Public/Admin/fonts/fontawesome-webfont.woff?v=4.7.0
INFO: [ app_init ] --START--
INFO: Run Behavior\BuildLiteBehavior [ RunTime:0.000070s ]
INFO: [ app_init ] --END-- [ RunTime:0.002527s ]
ERR: 无法加载模块:Public

[ 2019-05-06T17:34:05+08:00 ] 127.0.0.1 /Public/Admin/fonts/fontawesome-webfont.ttf?v=4.7.0
INFO: [ app_init ] --START--
INFO: Run Behavior\BuildLiteBehavior [ RunTime:0.000070s ]
INFO: [ app_init ] --END-- [ RunTime:0.003143s ]
ERR: 无法加载模块:Public

[ 2019-05-06T18:12:31+08:00 ] 127.0.0.1 /Public/Admin/fonts/fontawesome-webfont.woff2?v=4.7.0
INFO: [ app_init ] --START--
INFO: Run Behavior\BuildLiteBehavior [ RunTime:0.000049s ]
INFO: [ app_init ] --END-- [ RunTime:0.001452s ]
ERR: 无法加载模块:Public

[ 2019-05-06T18:12:31+08:00 ] 127.0.0.1 /Public/Admin/fonts/fontawesome-webfont.woff?v=4.7.0
INFO: [ app_init ] --START--
INFO: Run Behavior\BuildLiteBehavior [ RunTime:0.000053s ]
INFO: [ app_init ] --END-- [ RunTime:0.002739s ]
ERR: 无法加载模块:Public

[ 2019-05-06T18:12:32+08:00 ] 127.0.0.1 /Public/Admin/fonts/fontawesome-webfont.ttf?v=4.7.0
INFO: [ app_init ] --START--
INFO: Run Behavior\BuildLiteBehavior [ RunTime:0.000048s ]
INFO: [ app_init ] --END-- [ RunTime:0.001379s ]
ERR: 无法加载模块:Public

[ 2019-05-06T18:13:29+08:00 ] 127.0.0.1 /Public/Admin/fonts/fontawesome-webfont.woff2?v=4.7.0
INFO: [ app_init ] --START--
INFO: Run Behavior\BuildLiteBehavior [ RunTime:0.000047s ]
INFO: [ app_init ] --END-- [ RunTime:0.001491s ]
ERR: 无法加载模块:Public

[ 2019-05-06T18:13:30+08:00 ] 127.0.0.1 /Public/Admin/fonts/fontawesome-webfont.woff?v=4.7.0
INFO: [ app_init ] --START--
INFO: Run Behavior\BuildLiteBehavior [ RunTime:0.000050s ]
INFO: [ app_init ] --END-- [ RunTime:0.003115s ]
ERR: 无法加载模块:Public

[ 2019-05-06T18:13:30+08:00 ] 127.0.0.1 /Public/Admin/fonts/fontawesome-webfont.ttf?v=4.7.0
INFO: [ app_init ] --START--
INFO: Run Behavior\BuildLiteBehavior [ RunTime:0.000056s ]
INFO: [ app_init ] --END-- [ RunTime:0.003016s ]
ERR: 无法加载模块:Public

[ 2019-05-06T18:14:17+08:00 ] 127.0.0.1 /Public/Admin/fonts/fontawesome-webfont.woff?v=4.7.0
INFO: [ app_init ] --START--
INFO: Run Behavior\BuildLiteBehavior [ RunTime:0.000044s ]
INFO: [ app_init ] --END-- [ RunTime:0.001065s ]
ERR: 无法加载模块:Public

[ 2019-05-06T18:14:17+08:00 ] 127.0.0.1 /Public/Admin/fonts/fontawesome-webfont.ttf?v=4.7.0
INFO: [ app_init ] --START--
INFO: Run Behavior\BuildLiteBehavior [ RunTime:0.000051s ]
INFO: [ app_init ] --END-- [ RunTime:0.001417s ]
ERR: 无法加载模块:Public

[ 2019-05-06T18:14:18+08:00 ] 127.0.0.1 /Public/Admin/fonts/fontawesome-webfont.woff2?v=4.7.0
INFO: [ app_init ] --START--
INFO: Run Behavior\BuildLiteBehavior [ RunTime:0.000047s ]
INFO: [ app_init ] --END-- [ RunTime:0.001258s ]
ERR: 无法加载模块:Public

[ 2019-05-06T18:14:18+08:00 ] 127.0.0.1 /Public/Admin/fonts/fontawesome-webfont.woff?v=4.7.0
INFO: [ app_init ] --START--
INFO: Run Behavior\BuildLiteBehavior [ RunTime:0.000050s ]
INFO: [ app_init ] --END-- [ RunTime:0.001652s ]
ERR: 无法加载模块:Public

[ 2019-05-06T18:14:18+08:00 ] 127.0.0.1 /Public/Admin/fonts/fontawesome-webfont.ttf?v=4.7.0
INFO: [ app_init ] --START--
INFO: Run Behavior\BuildLiteBehavior [ RunTime:0.000046s ]
INFO: [ app_init ] --END-- [ RunTime:0.001181s ]
ERR: 无法加载模块:Public

[ 2019-05-06T18:14:25+08:00 ] 127.0.0.1 /Public/Admin/fonts/fontawesome-webfont.woff2?v=4.7.0
INFO: [ app_init ] --START--
INFO: Run Behavior\BuildLiteBehavior [ RunTime:0.000047s ]
INFO: [ app_init ] --END-- [ RunTime:0.001166s ]
ERR: 无法加载模块:Public

[ 2019-05-06T18:14:26+08:00 ] 127.0.0.1 /Public/Admin/fonts/fontawesome-webfont.woff?v=4.7.0
INFO: [ app_init ] --START--
INFO: Run Behavior\BuildLiteBehavior [ RunTime:0.000058s ]
INFO: [ app_init ] --END-- [ RunTime:0.001583s ]
ERR: 无法加载模块:Public

[ 2019-05-06T18:14:26+08:00 ] 127.0.0.1 /Public/Admin/fonts/fontawesome-webfont.ttf?v=4.7.0
INFO: [ app_init ] --START--
INFO: Run Behavior\BuildLiteBehavior [ RunTime:0.000046s ]
INFO: [ app_init ] --END-- [ RunTime:0.001295s ]
ERR: 无法加载模块:Public

[ 2019-05-06T18:16:16+08:00 ] 127.0.0.1 /Public/Admin/fonts/fontawesome-webfont.woff2?v=4.7.0
INFO: [ app_init ] --START--
INFO: Run Behavior\BuildLiteBehavior [ RunTime:0.000047s ]
INFO: [ app_init ] --END-- [ RunTime:0.001386s ]
ERR: 无法加载模块:Public

[ 2019-05-06T18:16:16+08:00 ] 127.0.0.1 /Public/Admin/fonts/fontawesome-webfont.woff?v=4.7.0
INFO: [ app_init ] --START--
INFO: Run Behavior\BuildLiteBehavior [ RunTime:0.000052s ]
INFO: [ app_init ] --END-- [ RunTime:0.002513s ]
ERR: 无法加载模块:Public

[ 2019-05-06T18:16:16+08:00 ] 127.0.0.1 /Public/Admin/fonts/fontawesome-webfont.ttf?v=4.7.0
INFO: [ app_init ] --START--
INFO: Run Behavior\BuildLiteBehavior [ RunTime:0.000051s ]
INFO: [ app_init ] --END-- [ RunTime:0.001537s ]
ERR: 无法加载模块:Public

[ 2019-05-06T18:16:31+08:00 ] 127.0.0.1 /Public/Admin/fonts/fontawesome-webfont.woff2?v=4.7.0
INFO: [ app_init ] --START--
INFO: Run Behavior\BuildLiteBehavior [ RunTime:0.000070s ]
INFO: [ app_init ] --END-- [ RunTime:0.001895s ]
ERR: 无法加载模块:Public

[ 2019-05-06T18:16:31+08:00 ] 127.0.0.1 /Public/Admin/fonts/fontawesome-webfont.woff?v=4.7.0
INFO: [ app_init ] --START--
INFO: Run Behavior\BuildLiteBehavior [ RunTime:0.000044s ]
INFO: [ app_init ] --END-- [ RunTime:0.001073s ]
ERR: 无法加载模块:Public

[ 2019-05-06T18:16:31+08:00 ] 127.0.0.1 /Public/Admin/fonts/fontawesome-webfont.ttf?v=4.7.0
INFO: [ app_init ] --START--
INFO: Run Behavior\BuildLiteBehavior [ RunTime:0.000058s ]
INFO: [ app_init ] --END-- [ RunTime:0.001326s ]
ERR: 无法加载模块:Public

[ 2019-05-06T18:17:34+08:00 ] 127.0.0.1 /Public/Admin/fonts/fontawesome-webfont.woff2?v=4.7.0
INFO: [ app_init ] --START--
INFO: Run Behavior\BuildLiteBehavior [ RunTime:0.000049s ]
INFO: [ app_init ] --END-- [ RunTime:0.001440s ]
ERR: 无法加载模块:Public

[ 2019-05-06T18:17:34+08:00 ] 127.0.0.1 /Public/Admin/fonts/fontawesome-webfont.woff?v=4.7.0
INFO: [ app_init ] --START--
INFO: Run Behavior\BuildLiteBehavior [ RunTime:0.000044s ]
INFO: [ app_init ] --END-- [ RunTime:0.001082s ]
ERR: 无法加载模块:Public

[ 2019-05-06T18:17:34+08:00 ] 127.0.0.1 /Public/Admin/fonts/fontawesome-webfont.ttf?v=4.7.0
INFO: [ app_init ] --START--
INFO: Run Behavior\BuildLiteBehavior [ RunTime:0.000045s ]
INFO: [ app_init ] --END-- [ RunTime:0.001113s ]
ERR: 无法加载模块:Public

[ 2019-05-06T18:17:51+08:00 ] 127.0.0.1 /Public/Admin/fonts/fontawesome-webfont.woff2?v=4.7.0
INFO: [ app_init ] --START--
INFO: Run Behavior\BuildLiteBehavior [ RunTime:0.000071s ]
INFO: [ app_init ] --END-- [ RunTime:0.001564s ]
ERR: 无法加载模块:Public

[ 2019-05-06T18:17:51+08:00 ] 127.0.0.1 /Public/Admin/fonts/fontawesome-webfont.woff?v=4.7.0
INFO: [ app_init ] --START--
INFO: Run Behavior\BuildLiteBehavior [ RunTime:0.000045s ]
INFO: [ app_init ] --END-- [ RunTime:0.001245s ]
ERR: 无法加载模块:Public

[ 2019-05-06T18:17:51+08:00 ] 127.0.0.1 /Public/Admin/fonts/fontawesome-webfont.ttf?v=4.7.0
INFO: [ app_init ] --START--
INFO: Run Behavior\BuildLiteBehavior [ RunTime:0.000043s ]
INFO: [ app_init ] --END-- [ RunTime:0.001073s ]
ERR: 无法加载模块:Public

[ 2019-05-06T18:18:07+08:00 ] 127.0.0.1 /Public/Admin/fonts/fontawesome-webfont.woff2?v=4.7.0
INFO: [ app_init ] --START--
INFO: Run Behavior\BuildLiteBehavior [ RunTime:0.000048s ]
INFO: [ app_init ] --END-- [ RunTime:0.001332s ]
ERR: 无法加载模块:Public

[ 2019-05-06T18:18:07+08:00 ] 127.0.0.1 /Public/Admin/fonts/fontawesome-webfont.woff?v=4.7.0
INFO: [ app_init ] --START--
INFO: Run Behavior\BuildLiteBehavior [ RunTime:0.000066s ]
INFO: [ app_init ] --END-- [ RunTime:0.002724s ]
ERR: 无法加载模块:Public

[ 2019-05-06T18:18:07+08:00 ] 127.0.0.1 /Public/Admin/fonts/fontawesome-webfont.ttf?v=4.7.0
INFO: [ app_init ] --START--
INFO: Run Behavior\BuildLiteBehavior [ RunTime:0.000049s ]
INFO: [ app_init ] --END-- [ RunTime:0.001705s ]
ERR: 无法加载模块:Public

[ 2019-05-06T18:18:34+08:00 ] 127.0.0.1 /Public/Admin/fonts/fontawesome-webfont.woff2?v=4.7.0
INFO: [ app_init ] --START--
INFO: Run Behavior\BuildLiteBehavior [ RunTime:0.000051s ]
INFO: [ app_init ] --END-- [ RunTime:0.001783s ]
ERR: 无法加载模块:Public

[ 2019-05-06T18:18:34+08:00 ] 127.0.0.1 /Public/Admin/fonts/fontawesome-webfont.woff?v=4.7.0
INFO: [ app_init ] --START--
INFO: Run Behavior\BuildLiteBehavior [ RunTime:0.000051s ]
INFO: [ app_init ] --END-- [ RunTime:0.001315s ]
ERR: 无法加载模块:Public

[ 2019-05-06T18:18:34+08:00 ] 127.0.0.1 /Public/Admin/fonts/fontawesome-webfont.ttf?v=4.7.0
INFO: [ app_init ] --START--
INFO: Run Behavior\BuildLiteBehavior [ RunTime:0.000044s ]
INFO: [ app_init ] --END-- [ RunTime:0.001095s ]
ERR: 无法加载模块:Public

[ 2019-05-06T18:18:47+08:00 ] 127.0.0.1 /Public/Admin/fonts/fontawesome-webfont.woff2?v=4.7.0
INFO: [ app_init ] --START--
INFO: Run Behavior\BuildLiteBehavior [ RunTime:0.000049s ]
INFO: [ app_init ] --END-- [ RunTime:0.001248s ]
ERR: 无法加载模块:Public

[ 2019-05-06T18:18:47+08:00 ] 127.0.0.1 /Public/Admin/fonts/fontawesome-webfont.woff?v=4.7.0
INFO: [ app_init ] --START--
INFO: Run Behavior\BuildLiteBehavior [ RunTime:0.000048s ]
INFO: [ app_init ] --END-- [ RunTime:0.001413s ]
ERR: 无法加载模块:Public

[ 2019-05-06T18:18:47+08:00 ] 127.0.0.1 /Public/Admin/fonts/fontawesome-webfont.ttf?v=4.7.0
INFO: [ app_init ] --START--
INFO: Run Behavior\BuildLiteBehavior [ RunTime:0.000046s ]
INFO: [ app_init ] --END-- [ RunTime:0.001055s ]
ERR: 无法加载模块:Public

[ 2019-05-06T18:18:51+08:00 ] 127.0.0.1 /Public/Admin/fonts/fontawesome-webfont.woff2?v=4.7.0
INFO: [ app_init ] --START--
INFO: Run Behavior\BuildLiteBehavior [ RunTime:0.000051s ]
INFO: [ app_init ] --END-- [ RunTime:0.001403s ]
ERR: 无法加载模块:Public

[ 2019-05-06T18:18:51+08:00 ] 127.0.0.1 /Public/Admin/fonts/fontawesome-webfont.woff?v=4.7.0
INFO: [ app_init ] --START--
INFO: Run Behavior\BuildLiteBehavior [ RunTime:0.000051s ]
INFO: [ app_init ] --END-- [ RunTime:0.001305s ]
ERR: 无法加载模块:Public

[ 2019-05-06T18:18:51+08:00 ] 127.0.0.1 /Public/Admin/fonts/fontawesome-webfont.ttf?v=4.7.0
INFO: [ app_init ] --START--
INFO: Run Behavior\BuildLiteBehavior [ RunTime:0.000054s ]
INFO: [ app_init ] --END-- [ RunTime:0.001282s ]
ERR: 无法加载模块:Public

[ 2019-05-06T18:19:29+08:00 ] 127.0.0.1 /Public/Admin/fonts/fontawesome-webfont.woff2?v=4.7.0
INFO: [ app_init ] --START--
INFO: Run Behavior\BuildLiteBehavior [ RunTime:0.000051s ]
INFO: [ app_init ] --END-- [ RunTime:0.001536s ]
ERR: 无法加载模块:Public

[ 2019-05-06T18:19:29+08:00 ] 127.0.0.1 /Public/Admin/fonts/fontawesome-webfont.woff?v=4.7.0
INFO: [ app_init ] --START--
INFO: Run Behavior\BuildLiteBehavior [ RunTime:0.000052s ]
INFO: [ app_init ] --END-- [ RunTime:0.001423s ]
ERR: 无法加载模块:Public

[ 2019-05-06T18:19:29+08:00 ] 127.0.0.1 /Public/Admin/fonts/fontawesome-webfont.ttf?v=4.7.0
INFO: [ app_init ] --START--
INFO: Run Behavior\BuildLiteBehavior [ RunTime:0.000336s ]
INFO: [ app_init ] --END-- [ RunTime:0.002386s ]
ERR: 无法加载模块:Public

[ 2019-05-06T18:19:41+08:00 ] 127.0.0.1 /Public/Admin/fonts/fontawesome-webfont.woff2?v=4.7.0
INFO: [ app_init ] --START--
INFO: Run Behavior\BuildLiteBehavior [ RunTime:0.000052s ]
INFO: [ app_init ] --END-- [ RunTime:0.001911s ]
ERR: 无法加载模块:Public

[ 2019-05-06T18:19:41+08:00 ] 127.0.0.1 /Public/Admin/fonts/fontawesome-webfont.woff?v=4.7.0
INFO: [ app_init ] --START--
INFO: Run Behavior\BuildLiteBehavior [ RunTime:0.000052s ]
INFO: [ app_init ] --END-- [ RunTime:0.001521s ]
ERR: 无法加载模块:Public

[ 2019-05-06T18:19:41+08:00 ] 127.0.0.1 /Public/Admin/fonts/fontawesome-webfont.ttf?v=4.7.0
INFO: [ app_init ] --START--
INFO: Run Behavior\BuildLiteBehavior [ RunTime:0.000087s ]
INFO: [ app_init ] --END-- [ RunTime:0.001370s ]
ERR: 无法加载模块:Public

[ 2019-05-06T18:22:30+08:00 ] 127.0.0.1 /Public/Admin/fonts/fontawesome-webfont.woff2?v=4.7.0
INFO: [ app_init ] --START--
INFO: Run Behavior\BuildLiteBehavior [ RunTime:0.000050s ]
INFO: [ app_init ] --END-- [ RunTime:0.002959s ]
ERR: 无法加载模块:Public

[ 2019-05-06T18:22:30+08:00 ] 127.0.0.1 /Public/Admin/fonts/fontawesome-webfont.woff?v=4.7.0
INFO: [ app_init ] --START--
INFO: Run Behavior\BuildLiteBehavior [ RunTime:0.000046s ]
INFO: [ app_init ] --END-- [ RunTime:0.001088s ]
ERR: 无法加载模块:Public

[ 2019-05-06T18:22:30+08:00 ] 127.0.0.1 /Public/Admin/fonts/fontawesome-webfont.ttf?v=4.7.0
INFO: [ app_init ] --START--
INFO: Run Behavior\BuildLiteBehavior [ RunTime:0.000046s ]
INFO: [ app_init ] --END-- [ RunTime:0.001334s ]
ERR: 无法加载模块:Public

[ 2019-05-06T18:23:03+08:00 ] 127.0.0.1 /Public/Admin/fonts/fontawesome-webfont.woff2?v=4.7.0
INFO: [ app_init ] --START--
INFO: Run Behavior\BuildLiteBehavior [ RunTime:0.000083s ]
INFO: [ app_init ] --END-- [ RunTime:0.001715s ]
ERR: 无法加载模块:Public

[ 2019-05-06T18:23:03+08:00 ] 127.0.0.1 /Public/Admin/fonts/fontawesome-webfont.woff?v=4.7.0
INFO: [ app_init ] --START--
INFO: Run Behavior\BuildLiteBehavior [ RunTime:0.000049s ]
INFO: [ app_init ] --END-- [ RunTime:0.001415s ]
ERR: 无法加载模块:Public

[ 2019-05-06T18:23:03+08:00 ] 127.0.0.1 /Public/Admin/fonts/fontawesome-webfont.ttf?v=4.7.0
INFO: [ app_init ] --START--
INFO: Run Behavior\BuildLiteBehavior [ RunTime:0.000057s ]
INFO: [ app_init ] --END-- [ RunTime:0.001889s ]
ERR: 无法加载模块:Public

[ 2019-05-06T18:25:07+08:00 ] 127.0.0.1 /Public/Admin/fonts/fontawesome-webfont.woff2?v=4.7.0
INFO: [ app_init ] --START--
INFO: Run Behavior\BuildLiteBehavior [ RunTime:0.000051s ]
INFO: [ app_init ] --END-- [ RunTime:0.001784s ]
ERR: 无法加载模块:Public

[ 2019-05-06T18:25:07+08:00 ] 127.0.0.1 /Public/Admin/fonts/fontawesome-webfont.woff?v=4.7.0
INFO: [ app_init ] --START--
INFO: Run Behavior\BuildLiteBehavior [ RunTime:0.000045s ]
INFO: [ app_init ] --END-- [ RunTime:0.001274s ]
ERR: 无法加载模块:Public

[ 2019-05-06T18:25:07+08:00 ] 127.0.0.1 /Public/Admin/fonts/fontawesome-webfont.ttf?v=4.7.0
INFO: [ app_init ] --START--
INFO: Run Behavior\BuildLiteBehavior [ RunTime:0.000059s ]
INFO: [ app_init ] --END-- [ RunTime:0.001290s ]
ERR: 无法加载模块:Public

[ 2019-05-06T18:25:34+08:00 ] 127.0.0.1 /Public/Admin/fonts/fontawesome-webfont.woff2?v=4.7.0
INFO: [ app_init ] --START--
INFO: Run Behavior\BuildLiteBehavior [ RunTime:0.000051s ]
INFO: [ app_init ] --END-- [ RunTime:0.001418s ]
ERR: 无法加载模块:Public

[ 2019-05-06T18:25:34+08:00 ] 127.0.0.1 /Public/Admin/fonts/fontawesome-webfont.woff?v=4.7.0
INFO: [ app_init ] --START--
INFO: Run Behavior\BuildLiteBehavior [ RunTime:0.000044s ]
INFO: [ app_init ] --END-- [ RunTime:0.001091s ]
ERR: 无法加载模块:Public

[ 2019-05-06T18:25:34+08:00 ] 127.0.0.1 /Public/Admin/fonts/fontawesome-webfont.ttf?v=4.7.0
INFO: [ app_init ] --START--
INFO: Run Behavior\BuildLiteBehavior [ RunTime:0.000044s ]
INFO: [ app_init ] --END-- [ RunTime:0.001108s ]
ERR: 无法加载模块:Public

[ 2019-05-06T18:26:02+08:00 ] 127.0.0.1 /Public/Admin/fonts/fontawesome-webfont.woff2?v=4.7.0
INFO: [ app_init ] --START--
INFO: Run Behavior\BuildLiteBehavior [ RunTime:0.000049s ]
INFO: [ app_init ] --END-- [ RunTime:0.001464s ]
ERR: 无法加载模块:Public

[ 2019-05-06T18:26:02+08:00 ] 127.0.0.1 /Public/Admin/fonts/fontawesome-webfont.woff?v=4.7.0
INFO: [ app_init ] --START--
INFO: Run Behavior\BuildLiteBehavior [ RunTime:0.000044s ]
INFO: [ app_init ] --END-- [ RunTime:0.001143s ]
ERR: 无法加载模块:Public

[ 2019-05-06T18:26:03+08:00 ] 127.0.0.1 /Public/Admin/fonts/fontawesome-webfont.ttf?v=4.7.0
INFO: [ app_init ] --START--
INFO: Run Behavior\BuildLiteBehavior [ RunTime:0.000043s ]
INFO: [ app_init ] --END-- [ RunTime:0.001097s ]
ERR: 无法加载模块:Public

[ 2019-05-06T18:26:34+08:00 ] 127.0.0.1 /Public/Admin/fonts/fontawesome-webfont.woff2?v=4.7.0
INFO: [ app_init ] --START--
INFO: Run Behavior\BuildLiteBehavior [ RunTime:0.000051s ]
INFO: [ app_init ] --END-- [ RunTime:0.001125s ]
ERR: 无法加载模块:Public

[ 2019-05-06T18:26:34+08:00 ] 127.0.0.1 /Public/Admin/fonts/fontawesome-webfont.woff?v=4.7.0
INFO: [ app_init ] --START--
INFO: Run Behavior\BuildLiteBehavior [ RunTime:0.000047s ]
INFO: [ app_init ] --END-- [ RunTime:0.001101s ]
ERR: 无法加载模块:Public

[ 2019-05-06T18:26:34+08:00 ] 127.0.0.1 /Public/Admin/fonts/fontawesome-webfont.ttf?v=4.7.0
INFO: [ app_init ] --START--
INFO: Run Behavior\BuildLiteBehavior [ RunTime:0.000044s ]
INFO: [ app_init ] --END-- [ RunTime:0.001081s ]
ERR: 无法加载模块:Public

[ 2019-05-06T18:28:48+08:00 ] 127.0.0.1 /Public/Admin/fonts/fontawesome-webfont.woff2?v=4.7.0
INFO: [ app_init ] --START--
INFO: Run Behavior\BuildLiteBehavior [ RunTime:0.000064s ]
INFO: [ app_init ] --END-- [ RunTime:0.001652s ]
ERR: 无法加载模块:Public

[ 2019-05-06T18:28:48+08:00 ] 127.0.0.1 /Public/Admin/fonts/fontawesome-webfont.woff?v=4.7.0
INFO: [ app_init ] --START--
INFO: Run Behavior\BuildLiteBehavior [ RunTime:0.000042s ]
INFO: [ app_init ] --END-- [ RunTime:0.001115s ]
ERR: 无法加载模块:Public

[ 2019-05-06T18:28:48+08:00 ] 127.0.0.1 /Public/Admin/fonts/fontawesome-webfont.ttf?v=4.7.0
INFO: [ app_init ] --START--
INFO: Run Behavior\BuildLiteBehavior [ RunTime:0.000044s ]
INFO: [ app_init ] --END-- [ RunTime:0.001093s ]
ERR: 无法加载模块:Public

[ 2019-05-06T18:29:00+08:00 ] 127.0.0.1 /Public/Admin/fonts/fontawesome-webfont.woff2?v=4.7.0
INFO: [ app_init ] --START--
INFO: Run Behavior\BuildLiteBehavior [ RunTime:0.000049s ]
INFO: [ app_init ] --END-- [ RunTime:0.001479s ]
ERR: 无法加载模块:Public

[ 2019-05-06T18:29:00+08:00 ] 127.0.0.1 /Public/Admin/fonts/fontawesome-webfont.woff?v=4.7.0
INFO: [ app_init ] --START--
INFO: Run Behavior\BuildLiteBehavior [ RunTime:0.000126s ]
INFO: [ app_init ] --END-- [ RunTime:0.001656s ]
ERR: 无法加载模块:Public

[ 2019-05-06T18:29:00+08:00 ] 127.0.0.1 /Public/Admin/fonts/fontawesome-webfont.ttf?v=4.7.0
INFO: [ app_init ] --START--
INFO: Run Behavior\BuildLiteBehavior [ RunTime:0.000071s ]
INFO: [ app_init ] --END-- [ RunTime:0.002020s ]
ERR: 无法加载模块:Public

[ 2019-05-06T18:29:31+08:00 ] 127.0.0.1 /Public/Admin/fonts/fontawesome-webfont.woff2?v=4.7.0
INFO: [ app_init ] --START--
INFO: Run Behavior\BuildLiteBehavior [ RunTime:0.000065s ]
INFO: [ app_init ] --END-- [ RunTime:0.001852s ]
ERR: 无法加载模块:Public

[ 2019-05-06T18:29:32+08:00 ] 127.0.0.1 /Public/Admin/fonts/fontawesome-webfont.woff?v=4.7.0
INFO: [ app_init ] --START--
INFO: Run Behavior\BuildLiteBehavior [ RunTime:0.000053s ]
INFO: [ app_init ] --END-- [ RunTime:0.001074s ]
ERR: 无法加载模块:Public

[ 2019-05-06T18:29:32+08:00 ] 127.0.0.1 /Public/Admin/fonts/fontawesome-webfont.ttf?v=4.7.0
INFO: [ app_init ] --START--
INFO: Run Behavior\BuildLiteBehavior [ RunTime:0.000060s ]
INFO: [ app_init ] --END-- [ RunTime:0.003000s ]
ERR: 无法加载模块:Public

[ 2019-05-06T18:29:45+08:00 ] 127.0.0.1 /Public/Admin/fonts/fontawesome-webfont.woff2?v=4.7.0
INFO: [ app_init ] --START--
INFO: Run Behavior\BuildLiteBehavior [ RunTime:0.000046s ]
INFO: [ app_init ] --END-- [ RunTime:0.001218s ]
ERR: 无法加载模块:Public

[ 2019-05-06T18:29:45+08:00 ] 127.0.0.1 /Public/Admin/fonts/fontawesome-webfont.woff?v=4.7.0
INFO: [ app_init ] --START--
INFO: Run Behavior\BuildLiteBehavior [ RunTime:0.000045s ]
INFO: [ app_init ] --END-- [ RunTime:0.001068s ]
ERR: 无法加载模块:Public

[ 2019-05-06T18:29:46+08:00 ] 127.0.0.1 /Public/Admin/fonts/fontawesome-webfont.ttf?v=4.7.0
INFO: [ app_init ] --START--
INFO: Run Behavior\BuildLiteBehavior [ RunTime:0.000044s ]
INFO: [ app_init ] --END-- [ RunTime:0.001170s ]
ERR: 无法加载模块:Public

[ 2019-05-06T18:29:57+08:00 ] 127.0.0.1 /Public/Admin/fonts/fontawesome-webfont.woff2?v=4.7.0
INFO: [ app_init ] --START--
INFO: Run Behavior\BuildLiteBehavior [ RunTime:0.000049s ]
INFO: [ app_init ] --END-- [ RunTime:0.001132s ]
ERR: 无法加载模块:Public

[ 2019-05-06T18:29:57+08:00 ] 127.0.0.1 /Public/Admin/fonts/fontawesome-webfont.woff?v=4.7.0
INFO: [ app_init ] --START--
INFO: Run Behavior\BuildLiteBehavior [ RunTime:0.000052s ]
INFO: [ app_init ] --END-- [ RunTime:0.002250s ]
ERR: 无法加载模块:Public

[ 2019-05-06T18:29:57+08:00 ] 127.0.0.1 /Public/Admin/fonts/fontawesome-webfont.ttf?v=4.7.0
INFO: [ app_init ] --START--
INFO: Run Behavior\BuildLiteBehavior [ RunTime:0.000044s ]
INFO: [ app_init ] --END-- [ RunTime:0.001167s ]
ERR: 无法加载模块:Public

[ 2019-05-06T18:30:13+08:00 ] 127.0.0.1 /Public/Admin/fonts/fontawesome-webfont.woff2?v=4.7.0
INFO: [ app_init ] --START--
INFO: Run Behavior\BuildLiteBehavior [ RunTime:0.000049s ]
INFO: [ app_init ] --END-- [ RunTime:0.001405s ]
ERR: 无法加载模块:Public

[ 2019-05-06T18:30:13+08:00 ] 127.0.0.1 /Public/Admin/fonts/fontawesome-webfont.woff?v=4.7.0
INFO: [ app_init ] --START--
INFO: Run Behavior\BuildLiteBehavior [ RunTime:0.000048s ]
INFO: [ app_init ] --END-- [ RunTime:0.001320s ]
ERR: 无法加载模块:Public

[ 2019-05-06T18:30:13+08:00 ] 127.0.0.1 /Public/Admin/fonts/fontawesome-webfont.ttf?v=4.7.0
INFO: [ app_init ] --START--
INFO: Run Behavior\BuildLiteBehavior [ RunTime:0.000049s ]
INFO: [ app_init ] --END-- [ RunTime:0.001461s ]
ERR: 无法加载模块:Public

[ 2019-05-06T18:30:17+08:00 ] 127.0.0.1 /Public/Admin/fonts/fontawesome-webfont.woff2?v=4.7.0
INFO: [ app_init ] --START--
INFO: Run Behavior\BuildLiteBehavior [ RunTime:0.000047s ]
INFO: [ app_init ] --END-- [ RunTime:0.001426s ]
ERR: 无法加载模块:Public

[ 2019-05-06T18:30:17+08:00 ] 127.0.0.1 /Public/Admin/fonts/fontawesome-webfont.woff?v=4.7.0
INFO: [ app_init ] --START--
INFO: Run Behavior\BuildLiteBehavior [ RunTime:0.000044s ]
INFO: [ app_init ] --END-- [ RunTime:0.001471s ]
ERR: 无法加载模块:Public

[ 2019-05-06T18:30:17+08:00 ] 127.0.0.1 /Public/Admin/fonts/fontawesome-webfont.ttf?v=4.7.0
INFO: [ app_init ] --START--
INFO: Run Behavior\BuildLiteBehavior [ RunTime:0.000043s ]
INFO: [ app_init ] --END-- [ RunTime:0.001091s ]
ERR: 无法加载模块:Public

[ 2019-05-06T18:30:32+08:00 ] 127.0.0.1 /Public/Admin/fonts/fontawesome-webfont.woff2?v=4.7.0
INFO: [ app_init ] --START--
INFO: Run Behavior\BuildLiteBehavior [ RunTime:0.000051s ]
INFO: [ app_init ] --END-- [ RunTime:0.001799s ]
ERR: 无法加载模块:Public

[ 2019-05-06T18:30:32+08:00 ] 127.0.0.1 /Public/Admin/fonts/fontawesome-webfont.woff?v=4.7.0
INFO: [ app_init ] --START--
INFO: Run Behavior\BuildLiteBehavior [ RunTime:0.000050s ]
INFO: [ app_init ] --END-- [ RunTime:0.001402s ]
ERR: 无法加载模块:Public

[ 2019-05-06T18:30:32+08:00 ] 127.0.0.1 /Public/Admin/fonts/fontawesome-webfont.ttf?v=4.7.0
INFO: [ app_init ] --START--
INFO: Run Behavior\BuildLiteBehavior [ RunTime:0.000045s ]
INFO: [ app_init ] --END-- [ RunTime:0.001179s ]
ERR: 无法加载模块:Public

[ 2019-05-06T18:30:45+08:00 ] 127.0.0.1 /Public/Admin/fonts/fontawesome-webfont.woff2?v=4.7.0
INFO: [ app_init ] --START--
INFO: Run Behavior\BuildLiteBehavior [ RunTime:0.000047s ]
INFO: [ app_init ] --END-- [ RunTime:0.001290s ]
ERR: 无法加载模块:Public

[ 2019-05-06T18:30:45+08:00 ] 127.0.0.1 /Public/Admin/fonts/fontawesome-webfont.woff?v=4.7.0
INFO: [ app_init ] --START--
INFO: Run Behavior\BuildLiteBehavior [ RunTime:0.000068s ]
INFO: [ app_init ] --END-- [ RunTime:0.001507s ]
ERR: 无法加载模块:Public

[ 2019-05-06T18:30:45+08:00 ] 127.0.0.1 /Public/Admin/fonts/fontawesome-webfont.ttf?v=4.7.0
INFO: [ app_init ] --START--
INFO: Run Behavior\BuildLiteBehavior [ RunTime:0.000075s ]
INFO: [ app_init ] --END-- [ RunTime:0.001729s ]
ERR: 无法加载模块:Public

[ 2019-05-06T18:30:51+08:00 ] 127.0.0.1 /Public/Admin/fonts/fontawesome-webfont.woff2?v=4.7.0
INFO: [ app_init ] --START--
INFO: Run Behavior\BuildLiteBehavior [ RunTime:0.000053s ]
INFO: [ app_init ] --END-- [ RunTime:0.001516s ]
ERR: 无法加载模块:Public

[ 2019-05-06T18:30:52+08:00 ] 127.0.0.1 /Public/Admin/fonts/fontawesome-webfont.woff?v=4.7.0
INFO: [ app_init ] --START--
INFO: Run Behavior\BuildLiteBehavior [ RunTime:0.000054s ]
INFO: [ app_init ] --END-- [ RunTime:0.001580s ]
ERR: 无法加载模块:Public

[ 2019-05-06T18:30:52+08:00 ] 127.0.0.1 /Public/Admin/fonts/fontawesome-webfont.ttf?v=4.7.0
INFO: [ app_init ] --START--
INFO: Run Behavior\BuildLiteBehavior [ RunTime:0.000105s ]
INFO: [ app_init ] --END-- [ RunTime:0.002492s ]
ERR: 无法加载模块:Public

[ 2019-05-06T18:31:04+08:00 ] 127.0.0.1 /Public/Admin/fonts/fontawesome-webfont.woff2?v=4.7.0
INFO: [ app_init ] --START--
INFO: Run Behavior\BuildLiteBehavior [ RunTime:0.000048s ]
INFO: [ app_init ] --END-- [ RunTime:0.001409s ]
ERR: 无法加载模块:Public

[ 2019-05-06T18:31:04+08:00 ] 127.0.0.1 /Public/Admin/fonts/fontawesome-webfont.woff?v=4.7.0
INFO: [ app_init ] --START--
INFO: Run Behavior\BuildLiteBehavior [ RunTime:0.000049s ]
INFO: [ app_init ] --END-- [ RunTime:0.001428s ]
ERR: 无法加载模块:Public

[ 2019-05-06T18:31:04+08:00 ] 127.0.0.1 /Public/Admin/fonts/fontawesome-webfont.ttf?v=4.7.0
INFO: [ app_init ] --START--
INFO: Run Behavior\BuildLiteBehavior [ RunTime:0.000044s ]
INFO: [ app_init ] --END-- [ RunTime:0.001133s ]
ERR: 无法加载模块:Public

[ 2019-05-06T18:31:24+08:00 ] 127.0.0.1 /Public/Admin/fonts/fontawesome-webfont.woff2?v=4.7.0
INFO: [ app_init ] --START--
INFO: Run Behavior\BuildLiteBehavior [ RunTime:0.000052s ]
INFO: [ app_init ] --END-- [ RunTime:0.001980s ]
ERR: 无法加载模块:Public

[ 2019-05-06T18:31:24+08:00 ] 127.0.0.1 /Public/Admin/fonts/fontawesome-webfont.woff?v=4.7.0
INFO: [ app_init ] --START--
INFO: Run Behavior\BuildLiteBehavior [ RunTime:0.000048s ]
INFO: [ app_init ] --END-- [ RunTime:0.001133s ]
ERR: 无法加载模块:Public

[ 2019-05-06T18:31:24+08:00 ] 127.0.0.1 /Public/Admin/fonts/fontawesome-webfont.ttf?v=4.7.0
INFO: [ app_init ] --START--
INFO: Run Behavior\BuildLiteBehavior [ RunTime:0.000052s ]
INFO: [ app_init ] --END-- [ RunTime:0.001906s ]
ERR: 无法加载模块:Public

[ 2019-05-06T18:49:19+08:00 ] 127.0.0.1 /Public/Admin/fonts/fontawesome-webfont.woff2?v=4.7.0
INFO: [ app_init ] --START--
INFO: Run Behavior\BuildLiteBehavior [ RunTime:0.000043s ]
INFO: [ app_init ] --END-- [ RunTime:0.001063s ]
ERR: 无法加载模块:Public

[ 2019-05-06T18:49:19+08:00 ] 127.0.0.1 /Public/Admin/fonts/fontawesome-webfont.woff?v=4.7.0
INFO: [ app_init ] --START--
INFO: Run Behavior\BuildLiteBehavior [ RunTime:0.000049s ]
INFO: [ app_init ] --END-- [ RunTime:0.001356s ]
ERR: 无法加载模块:Public

[ 2019-05-06T18:49:19+08:00 ] 127.0.0.1 /Public/Admin/fonts/fontawesome-webfont.ttf?v=4.7.0
INFO: [ app_init ] --START--
INFO: Run Behavior\BuildLiteBehavior [ RunTime:0.000071s ]
INFO: [ app_init ] --END-- [ RunTime:0.001963s ]
ERR: 无法加载模块:Public

[ 2019-05-06T18:49:22+08:00 ] 127.0.0.1 /Public/Admin/fonts/fontawesome-webfont.woff2?v=4.7.0
INFO: [ app_init ] --START--
INFO: Run Behavior\BuildLiteBehavior [ RunTime:0.000044s ]
INFO: [ app_init ] --END-- [ RunTime:0.001089s ]
ERR: 无法加载模块:Public

[ 2019-05-06T18:49:22+08:00 ] 127.0.0.1 /Public/Admin/fonts/fontawesome-webfont.woff?v=4.7.0
INFO: [ app_init ] --START--
INFO: Run Behavior\BuildLiteBehavior [ RunTime:0.000050s ]
INFO: [ app_init ] --END-- [ RunTime:0.001179s ]
ERR: 无法加载模块:Public

[ 2019-05-06T18:49:22+08:00 ] 127.0.0.1 /Public/Admin/fonts/fontawesome-webfont.ttf?v=4.7.0
INFO: [ app_init ] --START--
INFO: Run Behavior\BuildLiteBehavior [ RunTime:0.000048s ]
INFO: [ app_init ] --END-- [ RunTime:0.001275s ]
ERR: 无法加载模块:Public

[ 2019-05-06T18:49:28+08:00 ] 127.0.0.1 /Public/Admin/fonts/fontawesome-webfont.woff2?v=4.7.0
INFO: [ app_init ] --START--
INFO: Run Behavior\BuildLiteBehavior [ RunTime:0.000045s ]
INFO: [ app_init ] --END-- [ RunTime:0.001129s ]
ERR: 无法加载模块:Public

[ 2019-05-06T18:49:28+08:00 ] 127.0.0.1 /Public/Admin/fonts/fontawesome-webfont.woff?v=4.7.0
INFO: [ app_init ] --START--
INFO: Run Behavior\BuildLiteBehavior [ RunTime:0.000044s ]
INFO: [ app_init ] --END-- [ RunTime:0.001050s ]
ERR: 无法加载模块:Public

[ 2019-05-06T18:49:28+08:00 ] 127.0.0.1 /Public/Admin/fonts/fontawesome-webfont.ttf?v=4.7.0
INFO: [ app_init ] --START--
INFO: Run Behavior\BuildLiteBehavior [ RunTime:0.000050s ]
INFO: [ app_init ] --END-- [ RunTime:0.001402s ]
ERR: 无法加载模块:Public

[ 2019-05-06T18:50:02+08:00 ] 127.0.0.1 /Public/Admin/fonts/fontawesome-webfont.woff2?v=4.7.0
INFO: [ app_init ] --START--
INFO: Run Behavior\BuildLiteBehavior [ RunTime:0.000051s ]
INFO: [ app_init ] --END-- [ RunTime:0.001376s ]
ERR: 无法加载模块:Public

[ 2019-05-06T18:50:02+08:00 ] 127.0.0.1 /Public/Admin/fonts/fontawesome-webfont.woff?v=4.7.0
INFO: [ app_init ] --START--
INFO: Run Behavior\BuildLiteBehavior [ RunTime:0.000047s ]
INFO: [ app_init ] --END-- [ RunTime:0.001355s ]
ERR: 无法加载模块:Public

[ 2019-05-06T18:50:02+08:00 ] 127.0.0.1 /Public/Admin/fonts/fontawesome-webfont.ttf?v=4.7.0
INFO: [ app_init ] --START--
INFO: Run Behavior\BuildLiteBehavior [ RunTime:0.000057s ]
INFO: [ app_init ] --END-- [ RunTime:0.002514s ]
ERR: 无法加载模块:Public

[ 2019-05-06T18:52:24+08:00 ] 127.0.0.1 /Public/Admin/fonts/fontawesome-webfont.woff2?v=4.7.0
INFO: [ app_init ] --START--
INFO: Run Behavior\BuildLiteBehavior [ RunTime:0.000053s ]
INFO: [ app_init ] --END-- [ RunTime:0.001817s ]
ERR: 无法加载模块:Public

[ 2019-05-06T18:52:24+08:00 ] 127.0.0.1 /Public/Admin/fonts/fontawesome-webfont.woff?v=4.7.0
INFO: [ app_init ] --START--
INFO: Run Behavior\BuildLiteBehavior [ RunTime:0.000092s ]
INFO: [ app_init ] --END-- [ RunTime:0.001279s ]
ERR: 无法加载模块:Public

[ 2019-05-06T18:52:25+08:00 ] 127.0.0.1 /Public/Admin/fonts/fontawesome-webfont.ttf?v=4.7.0
INFO: [ app_init ] --START--
INFO: Run Behavior\BuildLiteBehavior [ RunTime:0.000050s ]
INFO: [ app_init ] --END-- [ RunTime:0.001343s ]
ERR: 无法加载模块:Public

[ 2019-05-06T18:52:36+08:00 ] 127.0.0.1 /Public/Admin/fonts/fontawesome-webfont.woff2?v=4.7.0
INFO: [ app_init ] --START--
INFO: Run Behavior\BuildLiteBehavior [ RunTime:0.000051s ]
INFO: [ app_init ] --END-- [ RunTime:0.001238s ]
ERR: 无法加载模块:Public

[ 2019-05-06T18:52:36+08:00 ] 127.0.0.1 /Public/Admin/fonts/fontawesome-webfont.woff?v=4.7.0
INFO: [ app_init ] --START--
INFO: Run Behavior\BuildLiteBehavior [ RunTime:0.000047s ]
INFO: [ app_init ] --END-- [ RunTime:0.001337s ]
ERR: 无法加载模块:Public

[ 2019-05-06T18:52:36+08:00 ] 127.0.0.1 /Public/Admin/fonts/fontawesome-webfont.ttf?v=4.7.0
INFO: [ app_init ] --START--
INFO: Run Behavior\BuildLiteBehavior [ RunTime:0.000064s ]
INFO: [ app_init ] --END-- [ RunTime:0.003095s ]
ERR: 无法加载模块:Public

[ 2019-05-06T18:52:48+08:00 ] 127.0.0.1 /Public/Admin/fonts/fontawesome-webfont.woff2?v=4.7.0
INFO: [ app_init ] --START--
INFO: Run Behavior\BuildLiteBehavior [ RunTime:0.000045s ]
INFO: [ app_init ] --END-- [ RunTime:0.001156s ]
ERR: 无法加载模块:Public

[ 2019-05-06T18:52:48+08:00 ] 127.0.0.1 /Public/Admin/fonts/fontawesome-webfont.woff?v=4.7.0
INFO: [ app_init ] --START--
INFO: Run Behavior\BuildLiteBehavior [ RunTime:0.000417s ]
INFO: [ app_init ] --END-- [ RunTime:0.002315s ]
ERR: 无法加载模块:Public

[ 2019-05-06T18:52:48+08:00 ] 127.0.0.1 /Public/Admin/fonts/fontawesome-webfont.ttf?v=4.7.0
INFO: [ app_init ] --START--
INFO: Run Behavior\BuildLiteBehavior [ RunTime:0.000055s ]
INFO: [ app_init ] --END-- [ RunTime:0.003021s ]
ERR: 无法加载模块:Public

