[ 2019-04-30T15:47:44+08:00 ] 127.0.0.1 /Public/Admin/fonts/fontawesome-webfont.woff?v=4.7.0
INFO: [ app_init ] --START--
INFO: Run Behavior\BuildLiteBehavior [ RunTime:0.000050s ]
INFO: [ app_init ] --END-- [ RunTime:0.001309s ]
ERR: 无法加载模块:Public

[ 2019-04-30T15:47:46+08:00 ] 127.0.0.1 /Public/Admin/fonts/fontawesome-webfont.woff?v=4.7.0
INFO: [ app_init ] --START--
INFO: Run Behavior\BuildLiteBehavior [ RunTime:0.000046s ]
INFO: [ app_init ] --END-- [ RunTime:0.001111s ]
ERR: 无法加载模块:Public

[ 2019-04-30T20:44:48+08:00 ] 127.0.0.1 /Public/Admin/fonts/fontawesome-webfont.woff2?v=4.7.0
INFO: [ app_init ] --START--
INFO: Run Behavior\BuildLiteBehavior [ RunTime:0.000048s ]
INFO: [ app_init ] --END-- [ RunTime:0.001849s ]
ERR: 无法加载模块:Public

[ 2019-04-30T20:44:48+08:00 ] 127.0.0.1 /Public/Admin/fonts/fontawesome-webfont.woff?v=4.7.0
INFO: [ app_init ] --START--
INFO: Run Behavior\BuildLiteBehavior [ RunTime:0.000098s ]
INFO: [ app_init ] --END-- [ RunTime:0.002503s ]
ERR: 无法加载模块:Public

[ 2019-04-30T20:44:49+08:00 ] 127.0.0.1 /Public/Admin/fonts/fontawesome-webfont.ttf?v=4.7.0
INFO: [ app_init ] --START--
INFO: Run Behavior\BuildLiteBehavior [ RunTime:0.000049s ]
INFO: [ app_init ] --END-- [ RunTime:0.001760s ]
ERR: 无法加载模块:Public

[ 2019-04-30T21:26:10+08:00 ] 127.0.0.1 /Public/Admin/fonts/fontawesome-webfont.woff2?v=4.7.0
INFO: [ app_init ] --START--
INFO: Run Behavior\BuildLiteBehavior [ RunTime:0.000048s ]
INFO: [ app_init ] --END-- [ RunTime:0.019815s ]
ERR: 无法加载模块:Public

[ 2019-04-30T21:26:10+08:00 ] 127.0.0.1 /Public/Admin/fonts/fontawesome-webfont.woff?v=4.7.0
INFO: [ app_init ] --START--
INFO: Run Behavior\BuildLiteBehavior [ RunTime:0.000045s ]
INFO: [ app_init ] --END-- [ RunTime:0.001368s ]
ERR: 无法加载模块:Public

[ 2019-04-30T21:26:11+08:00 ] 127.0.0.1 /Public/Admin/fonts/fontawesome-webfont.ttf?v=4.7.0
INFO: [ app_init ] --START--
INFO: Run Behavior\BuildLiteBehavior [ RunTime:0.048400s ]
INFO: [ app_init ] --END-- [ RunTime:0.054723s ]
ERR: 无法加载模块:Public

[ 2019-04-30T21:26:12+08:00 ] 127.0.0.1 /favicon.ico
INFO: [ app_init ] --START--
INFO: Run Behavior\BuildLiteBehavior [ RunTime:0.000042s ]
INFO: [ app_init ] --END-- [ RunTime:0.001096s ]
ERR: 无法加载模块:Favicon

[ 2019-04-30T21:26:12+08:00 ] 127.0.0.1 /favicon.ico
INFO: [ app_init ] --START--
INFO: Run Behavior\BuildLiteBehavior [ RunTime:0.000049s ]
INFO: [ app_init ] --END-- [ RunTime:0.002719s ]
ERR: 无法加载模块:Favicon

[ 2019-04-30T21:31:07+08:00 ] 127.0.0.1 /Public/Admin/fonts/fontawesome-webfont.woff2?v=4.7.0
INFO: [ app_init ] --START--
INFO: Run Behavior\BuildLiteBehavior [ RunTime:0.000044s ]
INFO: [ app_init ] --END-- [ RunTime:0.001222s ]
ERR: 无法加载模块:Public

[ 2019-04-30T21:31:07+08:00 ] 127.0.0.1 /Public/Admin/fonts/fontawesome-webfont.woff?v=4.7.0
INFO: [ app_init ] --START--
INFO: Run Behavior\BuildLiteBehavior [ RunTime:0.000341s ]
INFO: [ app_init ] --END-- [ RunTime:0.005378s ]
ERR: 无法加载模块:Public

[ 2019-04-30T21:31:07+08:00 ] 127.0.0.1 /Public/Admin/fonts/fontawesome-webfont.ttf?v=4.7.0
INFO: [ app_init ] --START--
INFO: Run Behavior\BuildLiteBehavior [ RunTime:0.000048s ]
INFO: [ app_init ] --END-- [ RunTime:0.001337s ]
ERR: 无法加载模块:Public

[ 2019-04-30T21:31:13+08:00 ] 127.0.0.1 /Public/Admin/fonts/fontawesome-webfont.woff2?v=4.7.0
INFO: [ app_init ] --START--
INFO: Run Behavior\BuildLiteBehavior [ RunTime:0.000051s ]
INFO: [ app_init ] --END-- [ RunTime:0.001412s ]
ERR: 无法加载模块:Public

[ 2019-04-30T21:31:13+08:00 ] 127.0.0.1 /Public/Admin/fonts/fontawesome-webfont.woff?v=4.7.0
INFO: [ app_init ] --START--
INFO: Run Behavior\BuildLiteBehavior [ RunTime:0.000136s ]
INFO: [ app_init ] --END-- [ RunTime:0.002299s ]
ERR: 无法加载模块:Public

[ 2019-04-30T21:31:13+08:00 ] 127.0.0.1 /Public/Admin/fonts/fontawesome-webfont.ttf?v=4.7.0
INFO: [ app_init ] --START--
INFO: Run Behavior\BuildLiteBehavior [ RunTime:0.000049s ]
INFO: [ app_init ] --END-- [ RunTime:0.001150s ]
ERR: 无法加载模块:Public

[ 2019-04-30T21:31:16+08:00 ] 127.0.0.1 /Public/Admin/fonts/fontawesome-webfont.woff2?v=4.7.0
INFO: [ app_init ] --START--
INFO: Run Behavior\BuildLiteBehavior [ RunTime:0.000062s ]
INFO: [ app_init ] --END-- [ RunTime:0.001916s ]
ERR: 无法加载模块:Public

[ 2019-04-30T21:31:16+08:00 ] 127.0.0.1 /Public/Admin/fonts/fontawesome-webfont.woff?v=4.7.0
INFO: [ app_init ] --START--
INFO: Run Behavior\BuildLiteBehavior [ RunTime:0.000045s ]
INFO: [ app_init ] --END-- [ RunTime:0.001166s ]
ERR: 无法加载模块:Public

[ 2019-04-30T21:31:16+08:00 ] 127.0.0.1 /Public/Admin/fonts/fontawesome-webfont.ttf?v=4.7.0
INFO: [ app_init ] --START--
INFO: Run Behavior\BuildLiteBehavior [ RunTime:0.000051s ]
INFO: [ app_init ] --END-- [ RunTime:0.001531s ]
ERR: 无法加载模块:Public

[ 2019-04-30T22:02:17+08:00 ] 127.0.0.1 /Public/Admin/fonts/fontawesome-webfont.woff2?v=4.7.0
INFO: [ app_init ] --START--
INFO: Run Behavior\BuildLiteBehavior [ RunTime:0.000064s ]
INFO: [ app_init ] --END-- [ RunTime:0.003078s ]
ERR: 无法加载模块:Public

[ 2019-04-30T22:02:17+08:00 ] 127.0.0.1 /Public/Admin/fonts/fontawesome-webfont.woff?v=4.7.0
INFO: [ app_init ] --START--
INFO: Run Behavior\BuildLiteBehavior [ RunTime:0.000068s ]
INFO: [ app_init ] --END-- [ RunTime:0.001672s ]
ERR: 无法加载模块:Public

[ 2019-04-30T22:02:18+08:00 ] 127.0.0.1 /Public/Admin/fonts/fontawesome-webfont.ttf?v=4.7.0
INFO: [ app_init ] --START--
INFO: Run Behavior\BuildLiteBehavior [ RunTime:0.000052s ]
INFO: [ app_init ] --END-- [ RunTime:0.001327s ]
ERR: 无法加载模块:Public

[ 2019-04-30T22:02:18+08:00 ] 127.0.0.1 /favicon.ico
INFO: [ app_init ] --START--
INFO: Run Behavior\BuildLiteBehavior [ RunTime:0.000054s ]
INFO: [ app_init ] --END-- [ RunTime:0.001417s ]
ERR: 无法加载模块:Favicon

