[ 2019-05-23T08:39:54+08:00 ] 127.0.0.1 /index.php/Admin/Goods/lst
INFO: [ app_init ] --START--
INFO: Run Behavior\BuildLiteBehavior [ RunTime:0.000073s ]
INFO: [ app_init ] --END-- [ RunTime:0.002088s ]
INFO: [ app_begin ] --START--
INFO: Run Behavior\ReadHtmlCacheBehavior [ RunTime:0.002451s ]
INFO: [ app_begin ] --END-- [ RunTime:0.002679s ]
SQL: SHOW COLUMNS FROM `flower_goods` [ RunTime:0.0205s ]
SQL: SELECT COUNT(*) AS tp_count FROM `flower_goods` LIMIT 1   [ RunTime:0.0010s ]
SQL: SELECT a.*,b.brand_name FROM flower_goods a LEFT JOIN flower_brand b ON a.brand_id=b.id  ORDER BY goods_id desc LIMIT 0,4   [ RunTime:0.0015s ]
INFO: [ view_parse ] --START--
INFO: [ template_filter ] --START--
INFO: Run Behavior\ContentReplaceBehavior [ RunTime:0.000436s ]
INFO: [ template_filter ] --END-- [ RunTime:0.000636s ]
INFO: Run Behavior\ParseTemplateBehavior [ RunTime:0.088072s ]
INFO: [ view_parse ] --END-- [ RunTime:0.088337s ]
INFO: [ view_filter ] --START--
INFO: Run Behavior\WriteHtmlCacheBehavior [ RunTime:0.002123s ]
INFO: [ view_filter ] --END-- [ RunTime:0.002458s ]
INFO: [ app_end ] --START--
INFO: Run Behavior\ShowPageTraceBehavior [ RunTime:0.002615s ]
INFO: [ app_end ] --END-- [ RunTime:0.002986s ]

[ 2019-05-23T08:40:00+08:00 ] 127.0.0.1 /index.php/Admin/Goods/edit/id/16.html
INFO: [ app_init ] --START--
INFO: Run Behavior\BuildLiteBehavior [ RunTime:0.000058s ]
INFO: [ app_init ] --END-- [ RunTime:0.001529s ]
INFO: [ app_begin ] --START--
INFO: Run Behavior\ReadHtmlCacheBehavior [ RunTime:0.002916s ]
INFO: [ app_begin ] --END-- [ RunTime:0.003164s ]
SQL: SHOW COLUMNS FROM `flower_goods` [ RunTime:0.0226s ]
SQL: SELECT * FROM `flower_goods` WHERE `goods_id` = 16 LIMIT 1   [ RunTime:0.0013s ]
SQL: SHOW COLUMNS FROM `flower_brand` [ RunTime:0.0170s ]
SQL: SELECT * FROM `flower_brand`  [ RunTime:0.0009s ]
INFO: [ view_parse ] --START--
INFO: [ template_filter ] --START--
INFO: Run Behavior\ContentReplaceBehavior [ RunTime:0.000555s ]
INFO: [ template_filter ] --END-- [ RunTime:0.000925s ]
INFO: Run Behavior\ParseTemplateBehavior [ RunTime:0.168175s ]
INFO: [ view_parse ] --END-- [ RunTime:0.168427s ]
INFO: [ view_filter ] --START--
INFO: Run Behavior\WriteHtmlCacheBehavior [ RunTime:0.001842s ]
INFO: [ view_filter ] --END-- [ RunTime:0.002064s ]
INFO: [ app_end ] --START--
INFO: Run Behavior\ShowPageTraceBehavior [ RunTime:0.004280s ]
INFO: [ app_end ] --END-- [ RunTime:0.004523s ]

[ 2019-05-23T08:40:20+08:00 ] 127.0.0.1 /index.php/Admin/Goods/edit/id/16.html
INFO: [ app_init ] --START--
INFO: Run Behavior\BuildLiteBehavior [ RunTime:0.000057s ]
INFO: [ app_init ] --END-- [ RunTime:0.001667s ]
INFO: [ app_begin ] --START--
INFO: Run Behavior\ReadHtmlCacheBehavior [ RunTime:0.003558s ]
INFO: [ app_begin ] --END-- [ RunTime:0.003972s ]
SQL: SHOW COLUMNS FROM `flower_goods` [ RunTime:0.0217s ]
SQL: SELECT * FROM `flower_goods` WHERE `goods_id` = 16 LIMIT 1   [ RunTime:0.0017s ]
SQL: SHOW COLUMNS FROM `flower_brand` [ RunTime:0.0177s ]
SQL: SELECT * FROM `flower_brand`  [ RunTime:0.0009s ]
INFO: [ view_parse ] --START--
INFO: [ template_filter ] --START--
INFO: Run Behavior\ContentReplaceBehavior [ RunTime:0.000376s ]
INFO: [ template_filter ] --END-- [ RunTime:0.000555s ]
INFO: Run Behavior\ParseTemplateBehavior [ RunTime:0.040667s ]
INFO: [ view_parse ] --END-- [ RunTime:0.040901s ]
INFO: [ view_filter ] --START--
INFO: Run Behavior\WriteHtmlCacheBehavior [ RunTime:0.002417s ]
INFO: [ view_filter ] --END-- [ RunTime:0.002670s ]
INFO: [ app_end ] --START--
INFO: Run Behavior\ShowPageTraceBehavior [ RunTime:0.003338s ]
INFO: [ app_end ] --END-- [ RunTime:0.003546s ]

[ 2019-05-23T08:40:25+08:00 ] 127.0.0.1 /index.php/Admin/Cate/lst
INFO: [ app_init ] --START--
INFO: Run Behavior\BuildLiteBehavior [ RunTime:0.000057s ]
INFO: [ app_init ] --END-- [ RunTime:0.001686s ]
INFO: [ app_begin ] --START--
INFO: Run Behavior\ReadHtmlCacheBehavior [ RunTime:0.002369s ]
INFO: [ app_begin ] --END-- [ RunTime:0.002570s ]
SQL: SHOW COLUMNS FROM `flower_cate` [ RunTime:0.0792s ]
SQL: SELECT * FROM `flower_cate`  [ RunTime:0.0012s ]
INFO: [ view_parse ] --START--
INFO: [ template_filter ] --START--
INFO: Run Behavior\ContentReplaceBehavior [ RunTime:0.000313s ]
INFO: [ template_filter ] --END-- [ RunTime:0.000491s ]
NOTIC: [8] Undefined index: goods_id D:\E\important\git\flowerMall\Application\Runtime\Cache\Admin\1e31b38d8d9702701609b47afd2fec77.php 第 225 行.
NOTIC: [8] Undefined index: goods_id D:\E\important\git\flowerMall\Application\Runtime\Cache\Admin\1e31b38d8d9702701609b47afd2fec77.php 第 227 行.
NOTIC: [8] Undefined index: goods_id D:\E\important\git\flowerMall\Application\Runtime\Cache\Admin\1e31b38d8d9702701609b47afd2fec77.php 第 225 行.
NOTIC: [8] Undefined index: goods_id D:\E\important\git\flowerMall\Application\Runtime\Cache\Admin\1e31b38d8d9702701609b47afd2fec77.php 第 227 行.
NOTIC: [8] Undefined index: goods_id D:\E\important\git\flowerMall\Application\Runtime\Cache\Admin\1e31b38d8d9702701609b47afd2fec77.php 第 225 行.
NOTIC: [8] Undefined index: goods_id D:\E\important\git\flowerMall\Application\Runtime\Cache\Admin\1e31b38d8d9702701609b47afd2fec77.php 第 227 行.
NOTIC: [8] Undefined index: goods_id D:\E\important\git\flowerMall\Application\Runtime\Cache\Admin\1e31b38d8d9702701609b47afd2fec77.php 第 225 行.
NOTIC: [8] Undefined index: goods_id D:\E\important\git\flowerMall\Application\Runtime\Cache\Admin\1e31b38d8d9702701609b47afd2fec77.php 第 227 行.
NOTIC: [8] Undefined index: goods_id D:\E\important\git\flowerMall\Application\Runtime\Cache\Admin\1e31b38d8d9702701609b47afd2fec77.php 第 225 行.
NOTIC: [8] Undefined index: goods_id D:\E\important\git\flowerMall\Application\Runtime\Cache\Admin\1e31b38d8d9702701609b47afd2fec77.php 第 227 行.
NOTIC: [8] Undefined index: goods_id D:\E\important\git\flowerMall\Application\Runtime\Cache\Admin\1e31b38d8d9702701609b47afd2fec77.php 第 225 行.
NOTIC: [8] Undefined index: goods_id D:\E\important\git\flowerMall\Application\Runtime\Cache\Admin\1e31b38d8d9702701609b47afd2fec77.php 第 227 行.
NOTIC: [8] Undefined index: goods_id D:\E\important\git\flowerMall\Application\Runtime\Cache\Admin\1e31b38d8d9702701609b47afd2fec77.php 第 225 行.
NOTIC: [8] Undefined index: goods_id D:\E\important\git\flowerMall\Application\Runtime\Cache\Admin\1e31b38d8d9702701609b47afd2fec77.php 第 227 行.
NOTIC: [8] Undefined index: goods_id D:\E\important\git\flowerMall\Application\Runtime\Cache\Admin\1e31b38d8d9702701609b47afd2fec77.php 第 225 行.
NOTIC: [8] Undefined index: goods_id D:\E\important\git\flowerMall\Application\Runtime\Cache\Admin\1e31b38d8d9702701609b47afd2fec77.php 第 227 行.
NOTIC: [8] Undefined index: goods_id D:\E\important\git\flowerMall\Application\Runtime\Cache\Admin\1e31b38d8d9702701609b47afd2fec77.php 第 225 行.
NOTIC: [8] Undefined index: goods_id D:\E\important\git\flowerMall\Application\Runtime\Cache\Admin\1e31b38d8d9702701609b47afd2fec77.php 第 227 行.
NOTIC: [8] Undefined variable: page D:\E\important\git\flowerMall\Application\Runtime\Cache\Admin\1e31b38d8d9702701609b47afd2fec77.php 第 236 行.
INFO: Run Behavior\ParseTemplateBehavior [ RunTime:0.089108s ]
INFO: [ view_parse ] --END-- [ RunTime:0.089391s ]
INFO: [ view_filter ] --START--
INFO: Run Behavior\WriteHtmlCacheBehavior [ RunTime:0.002453s ]
INFO: [ view_filter ] --END-- [ RunTime:0.002748s ]
INFO: [ app_end ] --START--
INFO: Run Behavior\ShowPageTraceBehavior [ RunTime:0.005044s ]
INFO: [ app_end ] --END-- [ RunTime:0.005431s ]

[ 2019-05-23T08:40:28+08:00 ] 127.0.0.1 /index.php/Admin/Attribute/lst
INFO: [ app_init ] --START--
INFO: Run Behavior\BuildLiteBehavior [ RunTime:0.000083s ]
INFO: [ app_init ] --END-- [ RunTime:0.002318s ]
INFO: [ app_begin ] --START--
INFO: Run Behavior\ReadHtmlCacheBehavior [ RunTime:0.003627s ]
INFO: [ app_begin ] --END-- [ RunTime:0.003922s ]
SQL: SHOW COLUMNS FROM `flower_attribute` [ RunTime:0.1158s ]
SQL: SELECT * FROM `flower_attribute`  [ RunTime:0.0012s ]
INFO: [ view_parse ] --START--
INFO: [ template_filter ] --START--
INFO: Run Behavior\ContentReplaceBehavior [ RunTime:0.000516s ]
INFO: [ template_filter ] --END-- [ RunTime:0.000864s ]
NOTIC: [8] Undefined index: goods_id D:\E\important\git\flowerMall\Application\Runtime\Cache\Admin\d12b6d6cfaa93439758dd8f98ee55ea0.php 第 229 行.
NOTIC: [8] Undefined index: goods_id D:\E\important\git\flowerMall\Application\Runtime\Cache\Admin\d12b6d6cfaa93439758dd8f98ee55ea0.php 第 231 行.
NOTIC: [8] Undefined variable: page D:\E\important\git\flowerMall\Application\Runtime\Cache\Admin\d12b6d6cfaa93439758dd8f98ee55ea0.php 第 240 行.
INFO: Run Behavior\ParseTemplateBehavior [ RunTime:0.062558s ]
INFO: [ view_parse ] --END-- [ RunTime:0.062760s ]
INFO: [ view_filter ] --START--
INFO: Run Behavior\WriteHtmlCacheBehavior [ RunTime:0.001563s ]
INFO: [ view_filter ] --END-- [ RunTime:0.001811s ]
INFO: [ app_end ] --START--
INFO: Run Behavior\ShowPageTraceBehavior [ RunTime:0.002724s ]
INFO: [ app_end ] --END-- [ RunTime:0.002951s ]

[ 2019-05-23T08:40:31+08:00 ] 127.0.0.1 /index.php/Admin/brand/lst
INFO: [ app_init ] --START--
INFO: Run Behavior\BuildLiteBehavior [ RunTime:0.000055s ]
INFO: [ app_init ] --END-- [ RunTime:0.001364s ]
INFO: [ app_begin ] --START--
INFO: Run Behavior\ReadHtmlCacheBehavior [ RunTime:0.002437s ]
INFO: [ app_begin ] --END-- [ RunTime:0.002652s ]
SQL: SHOW COLUMNS FROM `flower_brand` [ RunTime:0.0242s ]
SQL: SELECT * FROM `flower_brand`  [ RunTime:0.0010s ]
INFO: [ view_parse ] --START--
INFO: [ template_filter ] --START--
INFO: Run Behavior\ContentReplaceBehavior [ RunTime:0.000533s ]
INFO: [ template_filter ] --END-- [ RunTime:0.000859s ]
NOTIC: [8] Undefined index: goods_id D:\E\important\git\flowerMall\Application\Runtime\Cache\Admin\6be123300bd3bf15436cbc79ad313de4.php 第 229 行.
NOTIC: [8] Undefined index: goods_id D:\E\important\git\flowerMall\Application\Runtime\Cache\Admin\6be123300bd3bf15436cbc79ad313de4.php 第 231 行.
NOTIC: [8] Undefined index: goods_id D:\E\important\git\flowerMall\Application\Runtime\Cache\Admin\6be123300bd3bf15436cbc79ad313de4.php 第 229 行.
NOTIC: [8] Undefined index: goods_id D:\E\important\git\flowerMall\Application\Runtime\Cache\Admin\6be123300bd3bf15436cbc79ad313de4.php 第 231 行.
NOTIC: [8] Undefined index: goods_id D:\E\important\git\flowerMall\Application\Runtime\Cache\Admin\6be123300bd3bf15436cbc79ad313de4.php 第 229 行.
NOTIC: [8] Undefined index: goods_id D:\E\important\git\flowerMall\Application\Runtime\Cache\Admin\6be123300bd3bf15436cbc79ad313de4.php 第 231 行.
NOTIC: [8] Undefined index: goods_id D:\E\important\git\flowerMall\Application\Runtime\Cache\Admin\6be123300bd3bf15436cbc79ad313de4.php 第 229 行.
NOTIC: [8] Undefined index: goods_id D:\E\important\git\flowerMall\Application\Runtime\Cache\Admin\6be123300bd3bf15436cbc79ad313de4.php 第 231 行.
NOTIC: [8] Undefined index: goods_id D:\E\important\git\flowerMall\Application\Runtime\Cache\Admin\6be123300bd3bf15436cbc79ad313de4.php 第 229 行.
NOTIC: [8] Undefined index: goods_id D:\E\important\git\flowerMall\Application\Runtime\Cache\Admin\6be123300bd3bf15436cbc79ad313de4.php 第 231 行.
NOTIC: [8] Undefined index: goods_id D:\E\important\git\flowerMall\Application\Runtime\Cache\Admin\6be123300bd3bf15436cbc79ad313de4.php 第 229 行.
NOTIC: [8] Undefined index: goods_id D:\E\important\git\flowerMall\Application\Runtime\Cache\Admin\6be123300bd3bf15436cbc79ad313de4.php 第 231 行.
NOTIC: [8] Undefined index: goods_id D:\E\important\git\flowerMall\Application\Runtime\Cache\Admin\6be123300bd3bf15436cbc79ad313de4.php 第 229 行.
NOTIC: [8] Undefined index: goods_id D:\E\important\git\flowerMall\Application\Runtime\Cache\Admin\6be123300bd3bf15436cbc79ad313de4.php 第 231 行.
NOTIC: [8] Undefined index: goods_id D:\E\important\git\flowerMall\Application\Runtime\Cache\Admin\6be123300bd3bf15436cbc79ad313de4.php 第 229 行.
NOTIC: [8] Undefined index: goods_id D:\E\important\git\flowerMall\Application\Runtime\Cache\Admin\6be123300bd3bf15436cbc79ad313de4.php 第 231 行.
NOTIC: [8] Undefined variable: page D:\E\important\git\flowerMall\Application\Runtime\Cache\Admin\6be123300bd3bf15436cbc79ad313de4.php 第 240 行.
INFO: Run Behavior\ParseTemplateBehavior [ RunTime:0.065672s ]
INFO: [ view_parse ] --END-- [ RunTime:0.065950s ]
INFO: [ view_filter ] --START--
INFO: Run Behavior\WriteHtmlCacheBehavior [ RunTime:0.002363s ]
INFO: [ view_filter ] --END-- [ RunTime:0.002672s ]
INFO: [ app_end ] --START--
INFO: Run Behavior\ShowPageTraceBehavior [ RunTime:0.006768s ]
INFO: [ app_end ] --END-- [ RunTime:0.007464s ]

[ 2019-05-23T08:40:37+08:00 ] 127.0.0.1 /index.php/Admin/MemberLevel/lst
INFO: [ app_init ] --START--
INFO: Run Behavior\BuildLiteBehavior [ RunTime:0.000056s ]
INFO: [ app_init ] --END-- [ RunTime:0.001380s ]
INFO: [ app_begin ] --START--
INFO: Run Behavior\ReadHtmlCacheBehavior [ RunTime:0.002368s ]
INFO: [ app_begin ] --END-- [ RunTime:0.002580s ]
SQL: SHOW COLUMNS FROM `flower_member_lever` [ RunTime:0.1154s ]
SQL: SELECT * FROM `flower_member_lever`  [ RunTime:0.0025s ]
INFO: [ view_parse ] --START--
INFO: [ template_filter ] --START--
INFO: Run Behavior\ContentReplaceBehavior [ RunTime:0.000294s ]
INFO: [ template_filter ] --END-- [ RunTime:0.000477s ]
NOTIC: [8] Undefined index: goods_id D:\E\important\git\flowerMall\Application\Runtime\Cache\Admin\664aa4264dc1193ec1068c21baa85f3d.php 第 227 行.
NOTIC: [8] Undefined index: goods_id D:\E\important\git\flowerMall\Application\Runtime\Cache\Admin\664aa4264dc1193ec1068c21baa85f3d.php 第 229 行.
NOTIC: [8] Undefined index: goods_id D:\E\important\git\flowerMall\Application\Runtime\Cache\Admin\664aa4264dc1193ec1068c21baa85f3d.php 第 227 行.
NOTIC: [8] Undefined index: goods_id D:\E\important\git\flowerMall\Application\Runtime\Cache\Admin\664aa4264dc1193ec1068c21baa85f3d.php 第 229 行.
NOTIC: [8] Undefined index: goods_id D:\E\important\git\flowerMall\Application\Runtime\Cache\Admin\664aa4264dc1193ec1068c21baa85f3d.php 第 227 行.
NOTIC: [8] Undefined index: goods_id D:\E\important\git\flowerMall\Application\Runtime\Cache\Admin\664aa4264dc1193ec1068c21baa85f3d.php 第 229 行.
NOTIC: [8] Undefined index: goods_id D:\E\important\git\flowerMall\Application\Runtime\Cache\Admin\664aa4264dc1193ec1068c21baa85f3d.php 第 227 行.
NOTIC: [8] Undefined index: goods_id D:\E\important\git\flowerMall\Application\Runtime\Cache\Admin\664aa4264dc1193ec1068c21baa85f3d.php 第 229 行.
NOTIC: [8] Undefined variable: page D:\E\important\git\flowerMall\Application\Runtime\Cache\Admin\664aa4264dc1193ec1068c21baa85f3d.php 第 238 行.
INFO: Run Behavior\ParseTemplateBehavior [ RunTime:0.101182s ]
INFO: [ view_parse ] --END-- [ RunTime:0.101587s ]
INFO: [ view_filter ] --START--
INFO: Run Behavior\WriteHtmlCacheBehavior [ RunTime:0.001721s ]
INFO: [ view_filter ] --END-- [ RunTime:0.001893s ]
INFO: [ app_end ] --START--
INFO: Run Behavior\ShowPageTraceBehavior [ RunTime:0.002743s ]
INFO: [ app_end ] --END-- [ RunTime:0.002951s ]

[ 2019-05-23T08:40:40+08:00 ] 127.0.0.1 /index.php/Admin/Member/lst
INFO: [ app_init ] --START--
INFO: Run Behavior\BuildLiteBehavior [ RunTime:0.000058s ]
INFO: [ app_init ] --END-- [ RunTime:0.001461s ]
INFO: [ app_begin ] --START--
INFO: Run Behavior\ReadHtmlCacheBehavior [ RunTime:0.002708s ]
INFO: [ app_begin ] --END-- [ RunTime:0.002972s ]
SQL: SHOW COLUMNS FROM `flower_member` [ RunTime:0.2162s ]
SQL: SELECT * FROM `flower_member`  [ RunTime:0.0011s ]
INFO: [ view_parse ] --START--
INFO: [ template_filter ] --START--
INFO: Run Behavior\ContentReplaceBehavior [ RunTime:0.000521s ]
INFO: [ template_filter ] --END-- [ RunTime:0.000846s ]
NOTIC: [8] Undefined index: goods_id D:\E\important\git\flowerMall\Application\Runtime\Cache\Admin\e4b9999a079d6619340fe7dedaefc949.php 第 226 行.
NOTIC: [8] Undefined index: goods_id D:\E\important\git\flowerMall\Application\Runtime\Cache\Admin\e4b9999a079d6619340fe7dedaefc949.php 第 228 行.
NOTIC: [8] Undefined variable: page D:\E\important\git\flowerMall\Application\Runtime\Cache\Admin\e4b9999a079d6619340fe7dedaefc949.php 第 237 行.
INFO: Run Behavior\ParseTemplateBehavior [ RunTime:0.101493s ]
INFO: [ view_parse ] --END-- [ RunTime:0.101770s ]
INFO: [ view_filter ] --START--
INFO: Run Behavior\WriteHtmlCacheBehavior [ RunTime:0.002371s ]
INFO: [ view_filter ] --END-- [ RunTime:0.002658s ]
INFO: [ app_end ] --START--
INFO: Run Behavior\ShowPageTraceBehavior [ RunTime:0.004893s ]
INFO: [ app_end ] --END-- [ RunTime:0.005359s ]

[ 2019-05-23T08:40:43+08:00 ] 127.0.0.1 /index.php/Admin/comment/lst
INFO: [ app_init ] --START--
INFO: Run Behavior\BuildLiteBehavior [ RunTime:0.000063s ]
INFO: [ app_init ] --END-- [ RunTime:0.001611s ]
INFO: [ app_begin ] --START--
INFO: Run Behavior\ReadHtmlCacheBehavior [ RunTime:0.002452s ]
INFO: [ app_begin ] --END-- [ RunTime:0.002667s ]
SQL: SHOW COLUMNS FROM `flower_comment` [ RunTime:0.0612s ]
SQL: SELECT * FROM `flower_comment`  [ RunTime:0.0011s ]
INFO: [ view_parse ] --START--
INFO: [ template_filter ] --START--
INFO: Run Behavior\ContentReplaceBehavior [ RunTime:0.000340s ]
INFO: [ template_filter ] --END-- [ RunTime:0.000551s ]
NOTIC: [8] Undefined variable: v D:\E\important\git\flowerMall\Application\Runtime\Cache\Admin\2a0a39f26c42161624b3feaf3cd9a0bb.php 第 229 行.
NOTIC: [8] Undefined variable: page D:\E\important\git\flowerMall\Application\Runtime\Cache\Admin\2a0a39f26c42161624b3feaf3cd9a0bb.php 第 237 行.
INFO: Run Behavior\ParseTemplateBehavior [ RunTime:0.047687s ]
INFO: [ view_parse ] --END-- [ RunTime:0.047887s ]
INFO: [ view_filter ] --START--
INFO: Run Behavior\WriteHtmlCacheBehavior [ RunTime:0.001605s ]
INFO: [ view_filter ] --END-- [ RunTime:0.001779s ]
INFO: [ app_end ] --START--
INFO: Run Behavior\ShowPageTraceBehavior [ RunTime:0.002869s ]
INFO: [ app_end ] --END-- [ RunTime:0.003082s ]

[ 2019-05-23T08:41:49+08:00 ] 127.0.0.1 /index.php/Admin/Admin/lst
INFO: [ app_init ] --START--
INFO: Run Behavior\BuildLiteBehavior [ RunTime:0.000057s ]
INFO: [ app_init ] --END-- [ RunTime:0.001440s ]
INFO: [ app_begin ] --START--
INFO: Run Behavior\ReadHtmlCacheBehavior [ RunTime:0.002510s ]
INFO: [ app_begin ] --END-- [ RunTime:0.002795s ]
SQL: SHOW COLUMNS FROM `flower_admin` [ RunTime:0.1121s ]
SQL: SELECT * FROM `flower_admin`  [ RunTime:0.0017s ]
INFO: [ view_parse ] --START--
INFO: [ template_filter ] --START--
INFO: Run Behavior\ContentReplaceBehavior [ RunTime:0.000660s ]
INFO: [ template_filter ] --END-- [ RunTime:0.001060s ]
NOTIC: [8] Undefined index: goods_id D:\E\important\git\flowerMall\Application\Runtime\Cache\Admin\2e0a6b0b98cf96bc15633704312e45ee.php 第 228 行.
NOTIC: [8] Undefined index: goods_id D:\E\important\git\flowerMall\Application\Runtime\Cache\Admin\2e0a6b0b98cf96bc15633704312e45ee.php 第 230 行.
NOTIC: [8] Undefined variable: page D:\E\important\git\flowerMall\Application\Runtime\Cache\Admin\2e0a6b0b98cf96bc15633704312e45ee.php 第 239 行.
INFO: Run Behavior\ParseTemplateBehavior [ RunTime:0.085057s ]
INFO: [ view_parse ] --END-- [ RunTime:0.085391s ]
INFO: [ view_filter ] --START--
INFO: Run Behavior\WriteHtmlCacheBehavior [ RunTime:0.002277s ]
INFO: [ view_filter ] --END-- [ RunTime:0.002504s ]
INFO: [ app_end ] --START--
INFO: Run Behavior\ShowPageTraceBehavior [ RunTime:0.004780s ]
INFO: [ app_end ] --END-- [ RunTime:0.005017s ]

[ 2019-05-23T08:41:52+08:00 ] 127.0.0.1 /index.php/Admin/Admin/lst
INFO: [ app_init ] --START--
INFO: Run Behavior\BuildLiteBehavior [ RunTime:0.000054s ]
INFO: [ app_init ] --END-- [ RunTime:0.001373s ]
INFO: [ app_begin ] --START--
INFO: Run Behavior\ReadHtmlCacheBehavior [ RunTime:0.002365s ]
INFO: [ app_begin ] --END-- [ RunTime:0.002569s ]
SQL: SHOW COLUMNS FROM `flower_admin` [ RunTime:0.0249s ]
SQL: SELECT * FROM `flower_admin`  [ RunTime:0.0014s ]
INFO: [ view_parse ] --START--
INFO: [ template_filter ] --START--
INFO: Run Behavior\ContentReplaceBehavior [ RunTime:0.000322s ]
INFO: [ template_filter ] --END-- [ RunTime:0.000561s ]
NOTIC: [8] Undefined index: goods_id D:\E\important\git\flowerMall\Application\Runtime\Cache\Admin\2e0a6b0b98cf96bc15633704312e45ee.php 第 228 行.
NOTIC: [8] Undefined index: goods_id D:\E\important\git\flowerMall\Application\Runtime\Cache\Admin\2e0a6b0b98cf96bc15633704312e45ee.php 第 230 行.
NOTIC: [8] Undefined variable: page D:\E\important\git\flowerMall\Application\Runtime\Cache\Admin\2e0a6b0b98cf96bc15633704312e45ee.php 第 239 行.
INFO: Run Behavior\ParseTemplateBehavior [ RunTime:0.037508s ]
INFO: [ view_parse ] --END-- [ RunTime:0.037753s ]
INFO: [ view_filter ] --START--
INFO: Run Behavior\WriteHtmlCacheBehavior [ RunTime:0.001617s ]
INFO: [ view_filter ] --END-- [ RunTime:0.001789s ]
INFO: [ app_end ] --START--
INFO: Run Behavior\ShowPageTraceBehavior [ RunTime:0.003706s ]
INFO: [ app_end ] --END-- [ RunTime:0.004046s ]

[ 2019-05-23T08:42:10+08:00 ] 127.0.0.1 /index.php/Admin/MemberLevel/lst
INFO: [ app_init ] --START--
INFO: Run Behavior\BuildLiteBehavior [ RunTime:0.000057s ]
INFO: [ app_init ] --END-- [ RunTime:0.001906s ]
INFO: [ app_begin ] --START--
INFO: Run Behavior\ReadHtmlCacheBehavior [ RunTime:0.003074s ]
INFO: [ app_begin ] --END-- [ RunTime:0.003431s ]
SQL: SHOW COLUMNS FROM `flower_member_lever` [ RunTime:0.0186s ]
SQL: SELECT * FROM `flower_member_lever`  [ RunTime:0.0013s ]
INFO: [ view_parse ] --START--
INFO: [ template_filter ] --START--
INFO: Run Behavior\ContentReplaceBehavior [ RunTime:0.000284s ]
INFO: [ template_filter ] --END-- [ RunTime:0.000464s ]
NOTIC: [8] Undefined index: goods_id D:\E\important\git\flowerMall\Application\Runtime\Cache\Admin\664aa4264dc1193ec1068c21baa85f3d.php 第 227 行.
NOTIC: [8] Undefined index: goods_id D:\E\important\git\flowerMall\Application\Runtime\Cache\Admin\664aa4264dc1193ec1068c21baa85f3d.php 第 229 行.
NOTIC: [8] Undefined index: goods_id D:\E\important\git\flowerMall\Application\Runtime\Cache\Admin\664aa4264dc1193ec1068c21baa85f3d.php 第 227 行.
NOTIC: [8] Undefined index: goods_id D:\E\important\git\flowerMall\Application\Runtime\Cache\Admin\664aa4264dc1193ec1068c21baa85f3d.php 第 229 行.
NOTIC: [8] Undefined index: goods_id D:\E\important\git\flowerMall\Application\Runtime\Cache\Admin\664aa4264dc1193ec1068c21baa85f3d.php 第 227 行.
NOTIC: [8] Undefined index: goods_id D:\E\important\git\flowerMall\Application\Runtime\Cache\Admin\664aa4264dc1193ec1068c21baa85f3d.php 第 229 行.
NOTIC: [8] Undefined index: goods_id D:\E\important\git\flowerMall\Application\Runtime\Cache\Admin\664aa4264dc1193ec1068c21baa85f3d.php 第 227 行.
NOTIC: [8] Undefined index: goods_id D:\E\important\git\flowerMall\Application\Runtime\Cache\Admin\664aa4264dc1193ec1068c21baa85f3d.php 第 229 行.
NOTIC: [8] Undefined variable: page D:\E\important\git\flowerMall\Application\Runtime\Cache\Admin\664aa4264dc1193ec1068c21baa85f3d.php 第 238 行.
INFO: Run Behavior\ParseTemplateBehavior [ RunTime:0.041213s ]
INFO: [ view_parse ] --END-- [ RunTime:0.041435s ]
INFO: [ view_filter ] --START--
INFO: Run Behavior\WriteHtmlCacheBehavior [ RunTime:0.001825s ]
INFO: [ view_filter ] --END-- [ RunTime:0.002003s ]
INFO: [ app_end ] --START--
INFO: Run Behavior\ShowPageTraceBehavior [ RunTime:0.003271s ]
INFO: [ app_end ] --END-- [ RunTime:0.003808s ]

[ 2019-05-23T08:42:37+08:00 ] 127.0.0.1 /index.php/Admin/Member/lst
INFO: [ app_init ] --START--
INFO: Run Behavior\BuildLiteBehavior [ RunTime:0.000055s ]
INFO: [ app_init ] --END-- [ RunTime:0.001692s ]
INFO: [ app_begin ] --START--
INFO: Run Behavior\ReadHtmlCacheBehavior [ RunTime:0.003044s ]
INFO: [ app_begin ] --END-- [ RunTime:0.003246s ]
SQL: SHOW COLUMNS FROM `flower_member` [ RunTime:0.0279s ]
SQL: SELECT * FROM `flower_member`  [ RunTime:0.0012s ]
INFO: [ view_parse ] --START--
INFO: [ template_filter ] --START--
INFO: Run Behavior\ContentReplaceBehavior [ RunTime:0.000292s ]
INFO: [ template_filter ] --END-- [ RunTime:0.000487s ]
NOTIC: [8] Undefined index: goods_id D:\E\important\git\flowerMall\Application\Runtime\Cache\Admin\e4b9999a079d6619340fe7dedaefc949.php 第 226 行.
NOTIC: [8] Undefined index: goods_id D:\E\important\git\flowerMall\Application\Runtime\Cache\Admin\e4b9999a079d6619340fe7dedaefc949.php 第 228 行.
NOTIC: [8] Undefined variable: page D:\E\important\git\flowerMall\Application\Runtime\Cache\Admin\e4b9999a079d6619340fe7dedaefc949.php 第 237 行.
INFO: Run Behavior\ParseTemplateBehavior [ RunTime:0.045698s ]
INFO: [ view_parse ] --END-- [ RunTime:0.045898s ]
INFO: [ view_filter ] --START--
INFO: Run Behavior\WriteHtmlCacheBehavior [ RunTime:0.001914s ]
INFO: [ view_filter ] --END-- [ RunTime:0.002088s ]
INFO: [ app_end ] --START--
INFO: Run Behavior\ShowPageTraceBehavior [ RunTime:0.003489s ]
INFO: [ app_end ] --END-- [ RunTime:0.003726s ]

[ 2019-05-23T08:42:39+08:00 ] 127.0.0.1 /index.php/Admin/MemberLevel/lst
INFO: [ app_init ] --START--
INFO: Run Behavior\BuildLiteBehavior [ RunTime:0.000057s ]
INFO: [ app_init ] --END-- [ RunTime:0.001601s ]
INFO: [ app_begin ] --START--
INFO: Run Behavior\ReadHtmlCacheBehavior [ RunTime:0.002404s ]
INFO: [ app_begin ] --END-- [ RunTime:0.002615s ]
SQL: SHOW COLUMNS FROM `flower_member_lever` [ RunTime:0.0366s ]
SQL: SELECT * FROM `flower_member_lever`  [ RunTime:0.0018s ]
INFO: [ view_parse ] --START--
INFO: [ template_filter ] --START--
INFO: Run Behavior\ContentReplaceBehavior [ RunTime:0.000288s ]
INFO: [ template_filter ] --END-- [ RunTime:0.000476s ]
NOTIC: [8] Undefined index: goods_id D:\E\important\git\flowerMall\Application\Runtime\Cache\Admin\664aa4264dc1193ec1068c21baa85f3d.php 第 227 行.
NOTIC: [8] Undefined index: goods_id D:\E\important\git\flowerMall\Application\Runtime\Cache\Admin\664aa4264dc1193ec1068c21baa85f3d.php 第 229 行.
NOTIC: [8] Undefined index: goods_id D:\E\important\git\flowerMall\Application\Runtime\Cache\Admin\664aa4264dc1193ec1068c21baa85f3d.php 第 227 行.
NOTIC: [8] Undefined index: goods_id D:\E\important\git\flowerMall\Application\Runtime\Cache\Admin\664aa4264dc1193ec1068c21baa85f3d.php 第 229 行.
NOTIC: [8] Undefined index: goods_id D:\E\important\git\flowerMall\Application\Runtime\Cache\Admin\664aa4264dc1193ec1068c21baa85f3d.php 第 227 行.
NOTIC: [8] Undefined index: goods_id D:\E\important\git\flowerMall\Application\Runtime\Cache\Admin\664aa4264dc1193ec1068c21baa85f3d.php 第 229 行.
NOTIC: [8] Undefined index: goods_id D:\E\important\git\flowerMall\Application\Runtime\Cache\Admin\664aa4264dc1193ec1068c21baa85f3d.php 第 227 行.
NOTIC: [8] Undefined index: goods_id D:\E\important\git\flowerMall\Application\Runtime\Cache\Admin\664aa4264dc1193ec1068c21baa85f3d.php 第 229 行.
NOTIC: [8] Undefined variable: page D:\E\important\git\flowerMall\Application\Runtime\Cache\Admin\664aa4264dc1193ec1068c21baa85f3d.php 第 238 行.
INFO: Run Behavior\ParseTemplateBehavior [ RunTime:0.049746s ]
INFO: [ view_parse ] --END-- [ RunTime:0.050041s ]
INFO: [ view_filter ] --START--
INFO: Run Behavior\WriteHtmlCacheBehavior [ RunTime:0.001495s ]
INFO: [ view_filter ] --END-- [ RunTime:0.001668s ]
INFO: [ app_end ] --START--
INFO: Run Behavior\ShowPageTraceBehavior [ RunTime:0.003080s ]
INFO: [ app_end ] --END-- [ RunTime:0.003503s ]

[ 2019-05-23T08:42:42+08:00 ] 127.0.0.1 /index.php/Admin/Member/lst
INFO: [ app_init ] --START--
INFO: Run Behavior\BuildLiteBehavior [ RunTime:0.000059s ]
INFO: [ app_init ] --END-- [ RunTime:0.001490s ]
INFO: [ app_begin ] --START--
INFO: Run Behavior\ReadHtmlCacheBehavior [ RunTime:0.002825s ]
INFO: [ app_begin ] --END-- [ RunTime:0.003028s ]
SQL: SHOW COLUMNS FROM `flower_member` [ RunTime:0.0427s ]
SQL: SELECT * FROM `flower_member`  [ RunTime:0.0017s ]
INFO: [ view_parse ] --START--
INFO: [ template_filter ] --START--
INFO: Run Behavior\ContentReplaceBehavior [ RunTime:0.000295s ]
INFO: [ template_filter ] --END-- [ RunTime:0.000485s ]
NOTIC: [8] Undefined index: goods_id D:\E\important\git\flowerMall\Application\Runtime\Cache\Admin\e4b9999a079d6619340fe7dedaefc949.php 第 226 行.
NOTIC: [8] Undefined index: goods_id D:\E\important\git\flowerMall\Application\Runtime\Cache\Admin\e4b9999a079d6619340fe7dedaefc949.php 第 228 行.
NOTIC: [8] Undefined variable: page D:\E\important\git\flowerMall\Application\Runtime\Cache\Admin\e4b9999a079d6619340fe7dedaefc949.php 第 237 行.
INFO: Run Behavior\ParseTemplateBehavior [ RunTime:0.055317s ]
INFO: [ view_parse ] --END-- [ RunTime:0.055660s ]
INFO: [ view_filter ] --START--
INFO: Run Behavior\WriteHtmlCacheBehavior [ RunTime:0.001464s ]
INFO: [ view_filter ] --END-- [ RunTime:0.001634s ]
INFO: [ app_end ] --START--
INFO: Run Behavior\ShowPageTraceBehavior [ RunTime:0.002619s ]
INFO: [ app_end ] --END-- [ RunTime:0.002836s ]

[ 2019-05-23T08:42:44+08:00 ] 127.0.0.1 /index.php/Admin/MemberLevel/lst
INFO: [ app_init ] --START--
INFO: Run Behavior\BuildLiteBehavior [ RunTime:0.000057s ]
INFO: [ app_init ] --END-- [ RunTime:0.001665s ]
INFO: [ app_begin ] --START--
INFO: Run Behavior\ReadHtmlCacheBehavior [ RunTime:0.002458s ]
INFO: [ app_begin ] --END-- [ RunTime:0.002656s ]
SQL: SHOW COLUMNS FROM `flower_member_lever` [ RunTime:0.0367s ]
SQL: SELECT * FROM `flower_member_lever`  [ RunTime:0.0011s ]
INFO: [ view_parse ] --START--
INFO: [ template_filter ] --START--
INFO: Run Behavior\ContentReplaceBehavior [ RunTime:0.000297s ]
INFO: [ template_filter ] --END-- [ RunTime:0.000486s ]
NOTIC: [8] Undefined index: goods_id D:\E\important\git\flowerMall\Application\Runtime\Cache\Admin\664aa4264dc1193ec1068c21baa85f3d.php 第 227 行.
NOTIC: [8] Undefined index: goods_id D:\E\important\git\flowerMall\Application\Runtime\Cache\Admin\664aa4264dc1193ec1068c21baa85f3d.php 第 229 行.
NOTIC: [8] Undefined index: goods_id D:\E\important\git\flowerMall\Application\Runtime\Cache\Admin\664aa4264dc1193ec1068c21baa85f3d.php 第 227 行.
NOTIC: [8] Undefined index: goods_id D:\E\important\git\flowerMall\Application\Runtime\Cache\Admin\664aa4264dc1193ec1068c21baa85f3d.php 第 229 行.
NOTIC: [8] Undefined index: goods_id D:\E\important\git\flowerMall\Application\Runtime\Cache\Admin\664aa4264dc1193ec1068c21baa85f3d.php 第 227 行.
NOTIC: [8] Undefined index: goods_id D:\E\important\git\flowerMall\Application\Runtime\Cache\Admin\664aa4264dc1193ec1068c21baa85f3d.php 第 229 行.
NOTIC: [8] Undefined index: goods_id D:\E\important\git\flowerMall\Application\Runtime\Cache\Admin\664aa4264dc1193ec1068c21baa85f3d.php 第 227 行.
NOTIC: [8] Undefined index: goods_id D:\E\important\git\flowerMall\Application\Runtime\Cache\Admin\664aa4264dc1193ec1068c21baa85f3d.php 第 229 行.
NOTIC: [8] Undefined variable: page D:\E\important\git\flowerMall\Application\Runtime\Cache\Admin\664aa4264dc1193ec1068c21baa85f3d.php 第 238 行.
INFO: Run Behavior\ParseTemplateBehavior [ RunTime:0.040768s ]
INFO: [ view_parse ] --END-- [ RunTime:0.040973s ]
INFO: [ view_filter ] --START--
INFO: Run Behavior\WriteHtmlCacheBehavior [ RunTime:0.001490s ]
INFO: [ view_filter ] --END-- [ RunTime:0.001663s ]
INFO: [ app_end ] --START--
INFO: Run Behavior\ShowPageTraceBehavior [ RunTime:0.002930s ]
INFO: [ app_end ] --END-- [ RunTime:0.003126s ]

[ 2019-05-23T17:25:32+08:00 ] 127.0.0.1 /index.php/Admin/Goods/lst
INFO: [ app_init ] --START--
INFO: Run Behavior\BuildLiteBehavior [ RunTime:0.000042s ]
INFO: [ app_init ] --END-- [ RunTime:0.001057s ]
INFO: [ app_begin ] --START--
INFO: Run Behavior\ReadHtmlCacheBehavior [ RunTime:0.001774s ]
INFO: [ app_begin ] --END-- [ RunTime:0.001934s ]
SQL: SHOW COLUMNS FROM `flower_goods` [ RunTime:0.0328s ]
SQL: SELECT COUNT(*) AS tp_count FROM `flower_goods` LIMIT 1   [ RunTime:0.0012s ]
SQL: SELECT a.*,b.brand_name FROM flower_goods a LEFT JOIN flower_brand b ON a.brand_id=b.id  ORDER BY goods_id desc LIMIT 0,4   [ RunTime:0.0016s ]
INFO: [ view_parse ] --START--
INFO: [ template_filter ] --START--
INFO: Run Behavior\ContentReplaceBehavior [ RunTime:0.000479s ]
INFO: [ template_filter ] --END-- [ RunTime:0.000715s ]
INFO: Run Behavior\ParseTemplateBehavior [ RunTime:0.123997s ]
INFO: [ view_parse ] --END-- [ RunTime:0.124245s ]
INFO: [ view_filter ] --START--
INFO: Run Behavior\WriteHtmlCacheBehavior [ RunTime:0.002194s ]
INFO: [ view_filter ] --END-- [ RunTime:0.002418s ]
INFO: [ app_end ] --START--
INFO: Run Behavior\ShowPageTraceBehavior [ RunTime:0.004053s ]
INFO: [ app_end ] --END-- [ RunTime:0.004306s ]

[ 2019-05-23T17:25:37+08:00 ] 127.0.0.1 /index.php/Admin/Goods/add
INFO: [ app_init ] --START--
INFO: Run Behavior\BuildLiteBehavior [ RunTime:0.000048s ]
INFO: [ app_init ] --END-- [ RunTime:0.001465s ]
INFO: [ app_begin ] --START--
INFO: Run Behavior\ReadHtmlCacheBehavior [ RunTime:0.001769s ]
INFO: [ app_begin ] --END-- [ RunTime:0.001922s ]
SQL: SHOW COLUMNS FROM `flower_brand` [ RunTime:0.0212s ]
SQL: SELECT * FROM `flower_brand`  [ RunTime:0.0014s ]
SQL: SHOW COLUMNS FROM `flower_cate` [ RunTime:0.0691s ]
SQL: SELECT * FROM `flower_cate`  [ RunTime:0.0011s ]
INFO: [ view_parse ] --START--
INFO: [ template_filter ] --START--
INFO: Run Behavior\ContentReplaceBehavior [ RunTime:0.000458s ]
INFO: [ template_filter ] --END-- [ RunTime:0.000705s ]
INFO: Run Behavior\ParseTemplateBehavior [ RunTime:0.091206s ]
INFO: [ view_parse ] --END-- [ RunTime:0.091470s ]
INFO: [ view_filter ] --START--
INFO: Run Behavior\WriteHtmlCacheBehavior [ RunTime:0.002070s ]
INFO: [ view_filter ] --END-- [ RunTime:0.002294s ]
INFO: [ app_end ] --START--
INFO: Run Behavior\ShowPageTraceBehavior [ RunTime:0.004278s ]
INFO: [ app_end ] --END-- [ RunTime:0.004533s ]

[ 2019-05-23T17:26:09+08:00 ] 127.0.0.1 /index.php/Admin/Goods/add
INFO: [ app_init ] --START--
INFO: Run Behavior\BuildLiteBehavior [ RunTime:0.000043s ]
INFO: [ app_init ] --END-- [ RunTime:0.001066s ]
INFO: [ app_begin ] --START--
INFO: Run Behavior\ReadHtmlCacheBehavior [ RunTime:0.002111s ]
INFO: [ app_begin ] --END-- [ RunTime:0.002300s ]
SQL: SHOW COLUMNS FROM `flower_goods` [ RunTime:0.0266s ]
NOTIC: [2] call_user_func() expects parameter 1 to be a valid callback, no array or string given D:\E\important\git\flowerMall\ThinkPHP\Library\Think\Upload.class.php 第 170 行.
SQL: INSERT INTO `flower_goods` (`goods_name`,`brand_id`,`cate_id`,`market_price`,`shop_price`,`is_on_sale`,`goods_desc`,`addtime`,`logo`,`mbig_logo`,`big_logo`,`mid_logo`,`sm_logo`) VALUES ('情之所至 2','3','2','355','299','是','','2019-05-23 17:26:06','Goods/2019-05-23/5ce6673046706.jpg','Goods/2019-05-23/mbig_5ce6673046706.jpg','Goods/2019-05-23/big_5ce6673046706.jpg','Goods/2019-05-23/mid_5ce6673046706.jpg','Goods/2019-05-23/sm_5ce6673046706.jpg') [ RunTime:0.3168s ]
INFO: [ view_parse ] --START--
INFO: [ template_filter ] --START--
INFO: Run Behavior\ContentReplaceBehavior [ RunTime:0.000204s ]
INFO: [ template_filter ] --END-- [ RunTime:0.000490s ]
INFO: Run Behavior\ParseTemplateBehavior [ RunTime:0.111350s ]
INFO: [ view_parse ] --END-- [ RunTime:0.111769s ]
INFO: [ view_filter ] --START--
INFO: Run Behavior\WriteHtmlCacheBehavior [ RunTime:0.007133s ]
INFO: [ view_filter ] --END-- [ RunTime:0.007356s ]

[ 2019-05-23T17:26:11+08:00 ] 127.0.0.1 /index.php/Admin/Goods/lst.html
INFO: [ app_init ] --START--
INFO: Run Behavior\BuildLiteBehavior [ RunTime:0.000048s ]
INFO: [ app_init ] --END-- [ RunTime:0.001840s ]
INFO: [ app_begin ] --START--
INFO: Run Behavior\ReadHtmlCacheBehavior [ RunTime:0.003865s ]
INFO: [ app_begin ] --END-- [ RunTime:0.004028s ]
SQL: SHOW COLUMNS FROM `flower_goods` [ RunTime:0.0534s ]
SQL: SELECT COUNT(*) AS tp_count FROM `flower_goods` LIMIT 1   [ RunTime:0.0020s ]
SQL: SELECT a.*,b.brand_name FROM flower_goods a LEFT JOIN flower_brand b ON a.brand_id=b.id  ORDER BY goods_id desc LIMIT 0,4   [ RunTime:0.0028s ]
INFO: [ view_parse ] --START--
INFO: [ template_filter ] --START--
INFO: Run Behavior\ContentReplaceBehavior [ RunTime:0.000344s ]
INFO: [ template_filter ] --END-- [ RunTime:0.000532s ]
INFO: Run Behavior\ParseTemplateBehavior [ RunTime:0.069712s ]
INFO: [ view_parse ] --END-- [ RunTime:0.069980s ]
INFO: [ view_filter ] --START--
INFO: Run Behavior\WriteHtmlCacheBehavior [ RunTime:0.003259s ]
INFO: [ view_filter ] --END-- [ RunTime:0.003392s ]
INFO: [ app_end ] --START--
INFO: Run Behavior\ShowPageTraceBehavior [ RunTime:0.004075s ]
INFO: [ app_end ] --END-- [ RunTime:0.004247s ]

[ 2019-05-23T20:26:27+08:00 ] 127.0.0.1 /index.php/Admin/Goods/edit/id/17.html
INFO: [ app_init ] --START--
INFO: Run Behavior\BuildLiteBehavior [ RunTime:0.000050s ]
INFO: [ app_init ] --END-- [ RunTime:0.001192s ]
INFO: [ app_begin ] --START--
INFO: Run Behavior\ReadHtmlCacheBehavior [ RunTime:0.004021s ]
INFO: [ app_begin ] --END-- [ RunTime:0.004295s ]
SQL: SHOW COLUMNS FROM `flower_goods` [ RunTime:0.0719s ]
SQL: SELECT * FROM `flower_goods` WHERE `goods_id` = 17 LIMIT 1   [ RunTime:0.0011s ]
SQL: SHOW COLUMNS FROM `flower_brand` [ RunTime:0.0133s ]
SQL: SELECT * FROM `flower_brand`  [ RunTime:0.0009s ]
INFO: [ view_parse ] --START--
INFO: [ template_filter ] --START--
INFO: Run Behavior\ContentReplaceBehavior [ RunTime:0.000357s ]
INFO: [ template_filter ] --END-- [ RunTime:0.000527s ]
INFO: Run Behavior\ParseTemplateBehavior [ RunTime:0.122619s ]
INFO: [ view_parse ] --END-- [ RunTime:0.122810s ]
INFO: [ view_filter ] --START--
INFO: Run Behavior\WriteHtmlCacheBehavior [ RunTime:0.001115s ]
INFO: [ view_filter ] --END-- [ RunTime:0.001248s ]
INFO: [ app_end ] --START--
INFO: Run Behavior\ShowPageTraceBehavior [ RunTime:0.002820s ]
INFO: [ app_end ] --END-- [ RunTime:0.003090s ]

[ 2019-05-23T20:27:27+08:00 ] 127.0.0.1 /index.php/Admin/Goods/edit/id/17.html
INFO: [ app_init ] --START--
INFO: Run Behavior\BuildLiteBehavior [ RunTime:0.000082s ]
INFO: [ app_init ] --END-- [ RunTime:0.002397s ]
INFO: [ app_begin ] --START--
INFO: Run Behavior\ReadHtmlCacheBehavior [ RunTime:0.002554s ]
INFO: [ app_begin ] --END-- [ RunTime:0.002747s ]
SQL: SHOW COLUMNS FROM `flower_goods` [ RunTime:0.0181s ]
SQL: UPDATE `flower_goods` SET `goods_name`='情之所至 2',`brand_id`='3',`market_price`='355.00',`shop_price`='299.00',`is_on_sale`='是',`goods_desc`='&lt;p&gt;&lt;span style=&quot;color: rgb(51, 51, 51); font-family: &amp;quot;Microsoft YaHei&amp;quot;, tahoma, arial, &amp;quot;Hiragino Sans GB&amp;quot;, &amp;quot;\\\\5b8b体&amp;quot;, sans-serif; font-size: 12px;&quot;&gt;缘分让你我相遇，宇宙浩大，你我渺小！心若在，梦就在&lt;/span&gt;&lt;span style=&quot;color: rgb(51, 51, 51); font-family: &amp;quot;Microsoft YaHei&amp;quot;, tahoma, arial, &amp;quot;Hiragino Sans GB&amp;quot;, &amp;quot;\\\\5b8b体&amp;quot;, sans-serif; font-size: 12px;&quot;&gt;缘分让你我相遇，宇宙浩大，你我渺小！心若在，梦就在&lt;/span&gt;&lt;/p&gt;' WHERE `goods_id` = 17 [ RunTime:0.1389s ]
NOTIC: [8] Use of undefined constant lst - assumed 'lst' D:\E\important\git\flowerMall\Application\Admin\Controller\GoodsController.class.php 第 82 行.
INFO: [ view_parse ] --START--
INFO: [ template_filter ] --START--
INFO: Run Behavior\ContentReplaceBehavior [ RunTime:0.000226s ]
INFO: [ template_filter ] --END-- [ RunTime:0.000657s ]
INFO: Run Behavior\ParseTemplateBehavior [ RunTime:0.067933s ]
INFO: [ view_parse ] --END-- [ RunTime:0.068394s ]
INFO: [ view_filter ] --START--
INFO: Run Behavior\WriteHtmlCacheBehavior [ RunTime:0.003451s ]
INFO: [ view_filter ] --END-- [ RunTime:0.003764s ]

[ 2019-05-23T20:27:32+08:00 ] 127.0.0.1 /index.php/Admin/Goods/lst.html
INFO: [ app_init ] --START--
INFO: Run Behavior\BuildLiteBehavior [ RunTime:0.000043s ]
INFO: [ app_init ] --END-- [ RunTime:0.001058s ]
INFO: [ app_begin ] --START--
INFO: Run Behavior\ReadHtmlCacheBehavior [ RunTime:0.001797s ]
INFO: [ app_begin ] --END-- [ RunTime:0.001963s ]
SQL: SHOW COLUMNS FROM `flower_goods` [ RunTime:0.0158s ]
SQL: SELECT COUNT(*) AS tp_count FROM `flower_goods` LIMIT 1   [ RunTime:0.0007s ]
SQL: SELECT a.*,b.brand_name FROM flower_goods a LEFT JOIN flower_brand b ON a.brand_id=b.id  ORDER BY goods_id desc LIMIT 0,4   [ RunTime:0.0011s ]
INFO: [ view_parse ] --START--
INFO: [ template_filter ] --START--
INFO: Run Behavior\ContentReplaceBehavior [ RunTime:0.000570s ]
INFO: [ template_filter ] --END-- [ RunTime:0.000851s ]
INFO: Run Behavior\ParseTemplateBehavior [ RunTime:0.083370s ]
INFO: [ view_parse ] --END-- [ RunTime:0.083607s ]
INFO: [ view_filter ] --START--
INFO: Run Behavior\WriteHtmlCacheBehavior [ RunTime:0.002116s ]
INFO: [ view_filter ] --END-- [ RunTime:0.002357s ]
INFO: [ app_end ] --START--
INFO: Run Behavior\ShowPageTraceBehavior [ RunTime:0.005049s ]
INFO: [ app_end ] --END-- [ RunTime:0.005282s ]

[ 2019-05-23T20:55:46+08:00 ] 127.0.0.1 /index.php/Admin/Goods/edit/id/16.html
INFO: [ app_init ] --START--
INFO: Run Behavior\BuildLiteBehavior [ RunTime:0.000067s ]
INFO: [ app_init ] --END-- [ RunTime:0.002065s ]
INFO: [ app_begin ] --START--
INFO: Run Behavior\ReadHtmlCacheBehavior [ RunTime:0.002077s ]
INFO: [ app_begin ] --END-- [ RunTime:0.002266s ]
SQL: SHOW COLUMNS FROM `flower_goods` [ RunTime:0.0271s ]
SQL: SELECT * FROM `flower_goods` WHERE `goods_id` = 16 LIMIT 1   [ RunTime:0.0013s ]
SQL: SHOW COLUMNS FROM `flower_brand` [ RunTime:0.0169s ]
SQL: SELECT * FROM `flower_brand`  [ RunTime:0.0009s ]
INFO: [ view_parse ] --START--
INFO: [ template_filter ] --START--
INFO: Run Behavior\ContentReplaceBehavior [ RunTime:0.000377s ]
INFO: [ template_filter ] --END-- [ RunTime:0.000556s ]
INFO: Run Behavior\ParseTemplateBehavior [ RunTime:0.042456s ]
INFO: [ view_parse ] --END-- [ RunTime:0.042762s ]
INFO: [ view_filter ] --START--
INFO: Run Behavior\WriteHtmlCacheBehavior [ RunTime:0.001375s ]
INFO: [ view_filter ] --END-- [ RunTime:0.001550s ]
INFO: [ app_end ] --START--
INFO: Run Behavior\ShowPageTraceBehavior [ RunTime:0.002294s ]
INFO: [ app_end ] --END-- [ RunTime:0.002497s ]

[ 2019-05-23T20:56:14+08:00 ] 127.0.0.1 /index.php/Admin/Goods/edit/id/16.html
INFO: [ app_init ] --START--
INFO: Run Behavior\BuildLiteBehavior [ RunTime:0.000044s ]
INFO: [ app_init ] --END-- [ RunTime:0.001718s ]
INFO: [ app_begin ] --START--
INFO: Run Behavior\ReadHtmlCacheBehavior [ RunTime:0.003838s ]
INFO: [ app_begin ] --END-- [ RunTime:0.004005s ]
SQL: SHOW COLUMNS FROM `flower_goods` [ RunTime:0.0316s ]
SQL: UPDATE `flower_goods` SET `goods_name`='情之所至',`brand_id`='1',`market_price`='430.00',`shop_price`='399.00',`is_on_sale`='是',`goods_desc`='&lt;p&gt;&lt;img src=&quot;/ueditor/php/upload/image/20190523/1558616170419258.jpg&quot; title=&quot;1558616170419258.jpg&quot; alt=&quot;1.jpg&quot;/&gt;&lt;/p&gt;' WHERE `goods_id` = 16 [ RunTime:0.0635s ]
NOTIC: [8] Use of undefined constant lst - assumed 'lst' D:\E\important\git\flowerMall\Application\Admin\Controller\GoodsController.class.php 第 82 行.
INFO: [ view_parse ] --START--
INFO: [ template_filter ] --START--
INFO: Run Behavior\ContentReplaceBehavior [ RunTime:0.000091s ]
INFO: [ template_filter ] --END-- [ RunTime:0.000271s ]
INFO: Run Behavior\ParseTemplateBehavior [ RunTime:0.025890s ]
INFO: [ view_parse ] --END-- [ RunTime:0.026070s ]
INFO: [ view_filter ] --START--
INFO: Run Behavior\WriteHtmlCacheBehavior [ RunTime:0.003540s ]
INFO: [ view_filter ] --END-- [ RunTime:0.003698s ]

[ 2019-05-23T20:56:18+08:00 ] 127.0.0.1 /index.php/Admin/Goods/lst.html
INFO: [ app_init ] --START--
INFO: Run Behavior\BuildLiteBehavior [ RunTime:0.000043s ]
INFO: [ app_init ] --END-- [ RunTime:0.001581s ]
INFO: [ app_begin ] --START--
INFO: Run Behavior\ReadHtmlCacheBehavior [ RunTime:0.005564s ]
INFO: [ app_begin ] --END-- [ RunTime:0.005909s ]
SQL: SHOW COLUMNS FROM `flower_goods` [ RunTime:0.0154s ]
SQL: SELECT COUNT(*) AS tp_count FROM `flower_goods` LIMIT 1   [ RunTime:0.0007s ]
SQL: SELECT a.*,b.brand_name FROM flower_goods a LEFT JOIN flower_brand b ON a.brand_id=b.id  ORDER BY goods_id desc LIMIT 0,4   [ RunTime:0.0012s ]
INFO: [ view_parse ] --START--
INFO: [ template_filter ] --START--
INFO: Run Behavior\ContentReplaceBehavior [ RunTime:0.000313s ]
INFO: [ template_filter ] --END-- [ RunTime:0.000460s ]
INFO: Run Behavior\ParseTemplateBehavior [ RunTime:0.043332s ]
INFO: [ view_parse ] --END-- [ RunTime:0.043492s ]
INFO: [ view_filter ] --START--
INFO: Run Behavior\WriteHtmlCacheBehavior [ RunTime:0.003242s ]
INFO: [ view_filter ] --END-- [ RunTime:0.003380s ]
INFO: [ app_end ] --START--
INFO: Run Behavior\ShowPageTraceBehavior [ RunTime:0.005488s ]
INFO: [ app_end ] --END-- [ RunTime:0.005674s ]

[ 2019-05-23T21:07:17+08:00 ] 127.0.0.1 /index.php/Admin/Goods/edit/id/16.html
INFO: [ app_init ] --START--
INFO: Run Behavior\BuildLiteBehavior [ RunTime:0.000079s ]
INFO: [ app_init ] --END-- [ RunTime:0.002321s ]
INFO: [ app_begin ] --START--
INFO: Run Behavior\ReadHtmlCacheBehavior [ RunTime:0.002285s ]
INFO: [ app_begin ] --END-- [ RunTime:0.002445s ]
SQL: SHOW COLUMNS FROM `flower_goods` [ RunTime:0.0147s ]
SQL: SELECT * FROM `flower_goods` WHERE `goods_id` = 16 LIMIT 1   [ RunTime:0.0012s ]
SQL: SHOW COLUMNS FROM `flower_brand` [ RunTime:0.0524s ]
SQL: SELECT * FROM `flower_brand`  [ RunTime:0.0008s ]
INFO: [ view_parse ] --START--
INFO: [ template_filter ] --START--
INFO: Run Behavior\ContentReplaceBehavior [ RunTime:0.000305s ]
INFO: [ template_filter ] --END-- [ RunTime:0.000475s ]
INFO: Run Behavior\ParseTemplateBehavior [ RunTime:0.034730s ]
INFO: [ view_parse ] --END-- [ RunTime:0.034922s ]
INFO: [ view_filter ] --START--
INFO: Run Behavior\WriteHtmlCacheBehavior [ RunTime:0.001654s ]
INFO: [ view_filter ] --END-- [ RunTime:0.001796s ]
INFO: [ app_end ] --START--
INFO: Run Behavior\ShowPageTraceBehavior [ RunTime:0.002860s ]
INFO: [ app_end ] --END-- [ RunTime:0.003044s ]

[ 2019-05-23T21:27:35+08:00 ] 127.0.0.1 /index.php/Admin/order/lst
INFO: [ app_init ] --START--
INFO: Run Behavior\BuildLiteBehavior [ RunTime:0.000043s ]
INFO: [ app_init ] --END-- [ RunTime:0.001269s ]
INFO: [ app_begin ] --START--
INFO: Run Behavior\ReadHtmlCacheBehavior [ RunTime:0.002898s ]
INFO: [ app_begin ] --END-- [ RunTime:0.003064s ]
SQL: SHOW COLUMNS FROM `flower_order` [ RunTime:0.1126s ]
SQL: SELECT * FROM `flower_order`  [ RunTime:0.0018s ]
INFO: [ view_parse ] --START--
INFO: [ template_filter ] --START--
INFO: Run Behavior\ContentReplaceBehavior [ RunTime:0.000362s ]
INFO: [ template_filter ] --END-- [ RunTime:0.000583s ]
NOTIC: [8] Undefined variable: v D:\E\important\git\flowerMall\Application\Runtime\Cache\Admin\6929b1ce86d5fcc660e84cb37a1b0795.php 第 229 行.
NOTIC: [8] Undefined variable: v D:\E\important\git\flowerMall\Application\Runtime\Cache\Admin\6929b1ce86d5fcc660e84cb37a1b0795.php 第 231 行.
NOTIC: [8] Undefined variable: page D:\E\important\git\flowerMall\Application\Runtime\Cache\Admin\6929b1ce86d5fcc660e84cb37a1b0795.php 第 239 行.
INFO: Run Behavior\ParseTemplateBehavior [ RunTime:0.076335s ]
INFO: [ view_parse ] --END-- [ RunTime:0.076617s ]
INFO: [ view_filter ] --START--
INFO: Run Behavior\WriteHtmlCacheBehavior [ RunTime:0.003830s ]
INFO: [ view_filter ] --END-- [ RunTime:0.004038s ]
INFO: [ app_end ] --START--
INFO: Run Behavior\ShowPageTraceBehavior [ RunTime:0.006369s ]
INFO: [ app_end ] --END-- [ RunTime:0.006652s ]

[ 2019-05-23T21:29:06+08:00 ] 127.0.0.1 /index.php/Admin/Goods/lst
INFO: [ app_init ] --START--
INFO: Run Behavior\BuildLiteBehavior [ RunTime:0.000068s ]
INFO: [ app_init ] --END-- [ RunTime:0.002585s ]
INFO: [ app_begin ] --START--
INFO: Run Behavior\ReadHtmlCacheBehavior [ RunTime:0.002236s ]
INFO: [ app_begin ] --END-- [ RunTime:0.002404s ]
SQL: SHOW COLUMNS FROM `flower_goods` [ RunTime:0.0343s ]
SQL: SELECT COUNT(*) AS tp_count FROM `flower_goods` LIMIT 1   [ RunTime:0.0014s ]
SQL: SELECT a.*,b.brand_name FROM flower_goods a LEFT JOIN flower_brand b ON a.brand_id=b.id  ORDER BY goods_id desc LIMIT 0,4   [ RunTime:0.0028s ]
INFO: [ view_parse ] --START--
INFO: [ template_filter ] --START--
INFO: Run Behavior\ContentReplaceBehavior [ RunTime:0.000287s ]
INFO: [ template_filter ] --END-- [ RunTime:0.000429s ]
INFO: Run Behavior\ParseTemplateBehavior [ RunTime:0.042018s ]
INFO: [ view_parse ] --END-- [ RunTime:0.042223s ]
INFO: [ view_filter ] --START--
INFO: Run Behavior\WriteHtmlCacheBehavior [ RunTime:0.001865s ]
INFO: [ view_filter ] --END-- [ RunTime:0.002017s ]
INFO: [ app_end ] --START--
INFO: Run Behavior\ShowPageTraceBehavior [ RunTime:0.002859s ]
INFO: [ app_end ] --END-- [ RunTime:0.003042s ]

[ 2019-05-23T21:29:09+08:00 ] 127.0.0.1 /index.php/Admin/Goods/edit/id/16.html
INFO: [ app_init ] --START--
INFO: Run Behavior\BuildLiteBehavior [ RunTime:0.000053s ]
INFO: [ app_init ] --END-- [ RunTime:0.001593s ]
INFO: [ app_begin ] --START--
INFO: Run Behavior\ReadHtmlCacheBehavior [ RunTime:0.002700s ]
INFO: [ app_begin ] --END-- [ RunTime:0.002956s ]
SQL: SHOW COLUMNS FROM `flower_goods` [ RunTime:0.0292s ]
SQL: SELECT * FROM `flower_goods` WHERE `goods_id` = 16 LIMIT 1   [ RunTime:0.0016s ]
SQL: SHOW COLUMNS FROM `flower_brand` [ RunTime:0.0220s ]
SQL: SELECT * FROM `flower_brand`  [ RunTime:0.0407s ]
INFO: [ view_parse ] --START--
INFO: [ template_filter ] --START--
INFO: Run Behavior\ContentReplaceBehavior [ RunTime:0.000284s ]
INFO: [ template_filter ] --END-- [ RunTime:0.000429s ]
INFO: Run Behavior\ParseTemplateBehavior [ RunTime:0.052477s ]
INFO: [ view_parse ] --END-- [ RunTime:0.052714s ]
INFO: [ view_filter ] --START--
INFO: Run Behavior\WriteHtmlCacheBehavior [ RunTime:0.001215s ]
INFO: [ view_filter ] --END-- [ RunTime:0.001385s ]
INFO: [ app_end ] --START--
INFO: Run Behavior\ShowPageTraceBehavior [ RunTime:0.002854s ]
INFO: [ app_end ] --END-- [ RunTime:0.003038s ]

[ 2019-05-23T21:29:17+08:00 ] 127.0.0.1 /index.php/Admin/Goods/lst?goods_name=&firstPrice=&lastPrice=&is_on_sale=&firstTime=&stopTime=&order_by=id_asc
INFO: [ app_init ] --START--
INFO: Run Behavior\BuildLiteBehavior [ RunTime:0.000041s ]
INFO: [ app_init ] --END-- [ RunTime:0.001047s ]
INFO: [ app_begin ] --START--
INFO: Run Behavior\ReadHtmlCacheBehavior [ RunTime:0.001941s ]
INFO: [ app_begin ] --END-- [ RunTime:0.002137s ]
SQL: SHOW COLUMNS FROM `flower_goods` [ RunTime:0.0218s ]
SQL: SELECT COUNT(*) AS tp_count FROM `flower_goods` LIMIT 1   [ RunTime:0.0007s ]
SQL: SELECT a.*,b.brand_name FROM flower_goods a LEFT JOIN flower_brand b ON a.brand_id=b.id  ORDER BY goods_id asc LIMIT 0,4   [ RunTime:0.0017s ]
INFO: [ view_parse ] --START--
INFO: [ template_filter ] --START--
INFO: Run Behavior\ContentReplaceBehavior [ RunTime:0.000292s ]
INFO: [ template_filter ] --END-- [ RunTime:0.000433s ]
INFO: Run Behavior\ParseTemplateBehavior [ RunTime:0.034175s ]
INFO: [ view_parse ] --END-- [ RunTime:0.034358s ]
INFO: [ view_filter ] --START--
INFO: Run Behavior\WriteHtmlCacheBehavior [ RunTime:0.001242s ]
INFO: [ view_filter ] --END-- [ RunTime:0.001408s ]
INFO: [ app_end ] --START--
INFO: Run Behavior\ShowPageTraceBehavior [ RunTime:0.002185s ]
INFO: [ app_end ] --END-- [ RunTime:0.002398s ]

[ 2019-05-23T21:29:20+08:00 ] 127.0.0.1 /index.php/Admin/Goods/lst?goods_name=&firstPrice=&lastPrice=&is_on_sale=&firstTime=&stopTime=&order_by=price_asc
INFO: [ app_init ] --START--
INFO: Run Behavior\BuildLiteBehavior [ RunTime:0.000042s ]
INFO: [ app_init ] --END-- [ RunTime:0.001042s ]
INFO: [ app_begin ] --START--
INFO: Run Behavior\ReadHtmlCacheBehavior [ RunTime:0.003665s ]
INFO: [ app_begin ] --END-- [ RunTime:0.003902s ]
SQL: SHOW COLUMNS FROM `flower_goods` [ RunTime:0.0439s ]
SQL: SELECT COUNT(*) AS tp_count FROM `flower_goods` LIMIT 1   [ RunTime:0.0015s ]
SQL: SELECT a.*,b.brand_name FROM flower_goods a LEFT JOIN flower_brand b ON a.brand_id=b.id  ORDER BY shop_price asc LIMIT 0,4   [ RunTime:0.0480s ]
INFO: [ view_parse ] --START--
INFO: [ template_filter ] --START--
INFO: Run Behavior\ContentReplaceBehavior [ RunTime:0.000762s ]
INFO: [ template_filter ] --END-- [ RunTime:0.001106s ]
INFO: Run Behavior\ParseTemplateBehavior [ RunTime:0.085338s ]
INFO: [ view_parse ] --END-- [ RunTime:0.085734s ]
INFO: [ view_filter ] --START--
INFO: Run Behavior\WriteHtmlCacheBehavior [ RunTime:0.002687s ]
INFO: [ view_filter ] --END-- [ RunTime:0.003017s ]
INFO: [ app_end ] --START--
INFO: Run Behavior\ShowPageTraceBehavior [ RunTime:0.004998s ]
INFO: [ app_end ] --END-- [ RunTime:0.005336s ]

[ 2019-05-23T21:29:25+08:00 ] 127.0.0.1 /index.php/Admin/Goods/lst?goods_name=%E6%83%85%E4%B9%8B%E6%89%80%E8%87%B3+&firstPrice=&lastPrice=&is_on_sale=&firstTime=&stopTime=&order_by=price_asc
INFO: [ app_init ] --START--
INFO: Run Behavior\BuildLiteBehavior [ RunTime:0.000047s ]
INFO: [ app_init ] --END-- [ RunTime:0.001161s ]
INFO: [ app_begin ] --START--
INFO: Run Behavior\ReadHtmlCacheBehavior [ RunTime:0.003284s ]
INFO: [ app_begin ] --END-- [ RunTime:0.003525s ]
SQL: SHOW COLUMNS FROM `flower_goods` [ RunTime:0.0806s ]
SQL: SELECT COUNT(*) AS tp_count FROM `flower_goods` WHERE `goods_name` LIKE '%情之所至%' LIMIT 1   [ RunTime:0.0613s ]
SQL: SELECT a.*,b.brand_name FROM flower_goods a LEFT JOIN flower_brand b ON a.brand_id=b.id  WHERE `goods_name` LIKE '%情之所至%' ORDER BY shop_price asc LIMIT 0,4   [ RunTime:0.0037s ]
INFO: [ view_parse ] --START--
INFO: [ template_filter ] --START--
INFO: Run Behavior\ContentReplaceBehavior [ RunTime:0.000349s ]
INFO: [ template_filter ] --END-- [ RunTime:0.000532s ]
INFO: Run Behavior\ParseTemplateBehavior [ RunTime:0.056063s ]
INFO: [ view_parse ] --END-- [ RunTime:0.056387s ]
INFO: [ view_filter ] --START--
INFO: Run Behavior\WriteHtmlCacheBehavior [ RunTime:0.001186s ]
INFO: [ view_filter ] --END-- [ RunTime:0.001318s ]
INFO: [ app_end ] --START--
INFO: Run Behavior\ShowPageTraceBehavior [ RunTime:0.002371s ]
INFO: [ app_end ] --END-- [ RunTime:0.002544s ]

[ 2019-05-23T21:29:30+08:00 ] 127.0.0.1 /index.php/Admin/Goods/lst?goods_name=%E6%83%85%E4%B9%8B%E6%89%80%E8%87%B3&firstPrice=&lastPrice=&is_on_sale=&firstTime=&stopTime=&order_by=price_asc
INFO: [ app_init ] --START--
INFO: Run Behavior\BuildLiteBehavior [ RunTime:0.000043s ]
INFO: [ app_init ] --END-- [ RunTime:0.001086s ]
INFO: [ app_begin ] --START--
INFO: Run Behavior\ReadHtmlCacheBehavior [ RunTime:0.001734s ]
INFO: [ app_begin ] --END-- [ RunTime:0.001885s ]
SQL: SHOW COLUMNS FROM `flower_goods` [ RunTime:0.0490s ]
SQL: SELECT COUNT(*) AS tp_count FROM `flower_goods` WHERE `goods_name` LIKE '%情之所至%' LIMIT 1   [ RunTime:0.0016s ]
SQL: SELECT a.*,b.brand_name FROM flower_goods a LEFT JOIN flower_brand b ON a.brand_id=b.id  WHERE `goods_name` LIKE '%情之所至%' ORDER BY shop_price asc LIMIT 0,4   [ RunTime:0.0029s ]
INFO: [ view_parse ] --START--
INFO: [ template_filter ] --START--
INFO: Run Behavior\ContentReplaceBehavior [ RunTime:0.000288s ]
INFO: [ template_filter ] --END-- [ RunTime:0.000430s ]
INFO: Run Behavior\ParseTemplateBehavior [ RunTime:0.050234s ]
INFO: [ view_parse ] --END-- [ RunTime:0.050512s ]
INFO: [ view_filter ] --START--
INFO: Run Behavior\WriteHtmlCacheBehavior [ RunTime:0.001130s ]
INFO: [ view_filter ] --END-- [ RunTime:0.001263s ]
INFO: [ app_end ] --START--
INFO: Run Behavior\ShowPageTraceBehavior [ RunTime:0.002253s ]
INFO: [ app_end ] --END-- [ RunTime:0.002470s ]

[ 2019-05-23T21:29:39+08:00 ] 127.0.0.1 /index.php/Admin/Goods/lst?goods_name=%E6%83%85%E4%B9%8B%E6%89%80%E8%87%B3+2&firstPrice=&lastPrice=&is_on_sale=&firstTime=&stopTime=&order_by=price_asc
INFO: [ app_init ] --START--
INFO: Run Behavior\BuildLiteBehavior [ RunTime:0.000045s ]
INFO: [ app_init ] --END-- [ RunTime:0.002853s ]
INFO: [ app_begin ] --START--
INFO: Run Behavior\ReadHtmlCacheBehavior [ RunTime:0.002816s ]
INFO: [ app_begin ] --END-- [ RunTime:0.002972s ]
SQL: SHOW COLUMNS FROM `flower_goods` [ RunTime:0.0348s ]
SQL: SELECT COUNT(*) AS tp_count FROM `flower_goods` WHERE `goods_name` LIKE '%情之所至 2%' LIMIT 1   [ RunTime:0.0010s ]
SQL: SELECT a.*,b.brand_name FROM flower_goods a LEFT JOIN flower_brand b ON a.brand_id=b.id  WHERE `goods_name` LIKE '%情之所至 2%' ORDER BY shop_price asc LIMIT 0,4   [ RunTime:0.0017s ]
INFO: [ view_parse ] --START--
INFO: [ template_filter ] --START--
INFO: Run Behavior\ContentReplaceBehavior [ RunTime:0.000290s ]
INFO: [ template_filter ] --END-- [ RunTime:0.000429s ]
INFO: Run Behavior\ParseTemplateBehavior [ RunTime:0.043619s ]
INFO: [ view_parse ] --END-- [ RunTime:0.043817s ]
INFO: [ view_filter ] --START--
INFO: Run Behavior\WriteHtmlCacheBehavior [ RunTime:0.002518s ]
INFO: [ view_filter ] --END-- [ RunTime:0.002664s ]
INFO: [ app_end ] --START--
INFO: Run Behavior\ShowPageTraceBehavior [ RunTime:0.003902s ]
INFO: [ app_end ] --END-- [ RunTime:0.004075s ]

[ 2019-05-23T21:29:43+08:00 ] 127.0.0.1 /index.php/Admin/Goods/lst?goods_name=%E6%83%85%E4%B9%8B%E6%89%80%E8%87%B3+&firstPrice=&lastPrice=&is_on_sale=&firstTime=&stopTime=&order_by=price_asc
INFO: [ app_init ] --START--
INFO: Run Behavior\BuildLiteBehavior [ RunTime:0.000044s ]
INFO: [ app_init ] --END-- [ RunTime:0.001394s ]
INFO: [ app_begin ] --START--
INFO: Run Behavior\ReadHtmlCacheBehavior [ RunTime:0.003243s ]
INFO: [ app_begin ] --END-- [ RunTime:0.003416s ]
SQL: SHOW COLUMNS FROM `flower_goods` [ RunTime:0.0347s ]
SQL: SELECT COUNT(*) AS tp_count FROM `flower_goods` WHERE `goods_name` LIKE '%情之所至%' LIMIT 1   [ RunTime:0.0014s ]
SQL: SELECT a.*,b.brand_name FROM flower_goods a LEFT JOIN flower_brand b ON a.brand_id=b.id  WHERE `goods_name` LIKE '%情之所至%' ORDER BY shop_price asc LIMIT 0,4   [ RunTime:0.0017s ]
INFO: [ view_parse ] --START--
INFO: [ template_filter ] --START--
INFO: Run Behavior\ContentReplaceBehavior [ RunTime:0.000295s ]
INFO: [ template_filter ] --END-- [ RunTime:0.000443s ]
INFO: Run Behavior\ParseTemplateBehavior [ RunTime:0.040227s ]
INFO: [ view_parse ] --END-- [ RunTime:0.040408s ]
INFO: [ view_filter ] --START--
INFO: Run Behavior\WriteHtmlCacheBehavior [ RunTime:0.002300s ]
INFO: [ view_filter ] --END-- [ RunTime:0.002439s ]
INFO: [ app_end ] --START--
INFO: Run Behavior\ShowPageTraceBehavior [ RunTime:0.003197s ]
INFO: [ app_end ] --END-- [ RunTime:0.003371s ]

[ 2019-05-23T21:29:46+08:00 ] 127.0.0.1 /index.php/Admin/Cate/lst
INFO: [ app_init ] --START--
INFO: Run Behavior\BuildLiteBehavior [ RunTime:0.000042s ]
INFO: [ app_init ] --END-- [ RunTime:0.001227s ]
INFO: [ app_begin ] --START--
INFO: Run Behavior\ReadHtmlCacheBehavior [ RunTime:0.002958s ]
INFO: [ app_begin ] --END-- [ RunTime:0.003147s ]
SQL: SHOW COLUMNS FROM `flower_cate` [ RunTime:0.0350s ]
SQL: SELECT * FROM `flower_cate`  [ RunTime:0.0010s ]
INFO: [ view_parse ] --START--
INFO: [ template_filter ] --START--
INFO: Run Behavior\ContentReplaceBehavior [ RunTime:0.000366s ]
INFO: [ template_filter ] --END-- [ RunTime:0.000592s ]
NOTIC: [8] Undefined index: goods_id D:\E\important\git\flowerMall\Application\Runtime\Cache\Admin\1e31b38d8d9702701609b47afd2fec77.php 第 225 行.
NOTIC: [8] Undefined index: goods_id D:\E\important\git\flowerMall\Application\Runtime\Cache\Admin\1e31b38d8d9702701609b47afd2fec77.php 第 227 行.
NOTIC: [8] Undefined index: goods_id D:\E\important\git\flowerMall\Application\Runtime\Cache\Admin\1e31b38d8d9702701609b47afd2fec77.php 第 225 行.
NOTIC: [8] Undefined index: goods_id D:\E\important\git\flowerMall\Application\Runtime\Cache\Admin\1e31b38d8d9702701609b47afd2fec77.php 第 227 行.
NOTIC: [8] Undefined index: goods_id D:\E\important\git\flowerMall\Application\Runtime\Cache\Admin\1e31b38d8d9702701609b47afd2fec77.php 第 225 行.
NOTIC: [8] Undefined index: goods_id D:\E\important\git\flowerMall\Application\Runtime\Cache\Admin\1e31b38d8d9702701609b47afd2fec77.php 第 227 行.
NOTIC: [8] Undefined index: goods_id D:\E\important\git\flowerMall\Application\Runtime\Cache\Admin\1e31b38d8d9702701609b47afd2fec77.php 第 225 行.
NOTIC: [8] Undefined index: goods_id D:\E\important\git\flowerMall\Application\Runtime\Cache\Admin\1e31b38d8d9702701609b47afd2fec77.php 第 227 行.
NOTIC: [8] Undefined index: goods_id D:\E\important\git\flowerMall\Application\Runtime\Cache\Admin\1e31b38d8d9702701609b47afd2fec77.php 第 225 行.
NOTIC: [8] Undefined index: goods_id D:\E\important\git\flowerMall\Application\Runtime\Cache\Admin\1e31b38d8d9702701609b47afd2fec77.php 第 227 行.
NOTIC: [8] Undefined index: goods_id D:\E\important\git\flowerMall\Application\Runtime\Cache\Admin\1e31b38d8d9702701609b47afd2fec77.php 第 225 行.
NOTIC: [8] Undefined index: goods_id D:\E\important\git\flowerMall\Application\Runtime\Cache\Admin\1e31b38d8d9702701609b47afd2fec77.php 第 227 行.
NOTIC: [8] Undefined index: goods_id D:\E\important\git\flowerMall\Application\Runtime\Cache\Admin\1e31b38d8d9702701609b47afd2fec77.php 第 225 行.
NOTIC: [8] Undefined index: goods_id D:\E\important\git\flowerMall\Application\Runtime\Cache\Admin\1e31b38d8d9702701609b47afd2fec77.php 第 227 行.
NOTIC: [8] Undefined index: goods_id D:\E\important\git\flowerMall\Application\Runtime\Cache\Admin\1e31b38d8d9702701609b47afd2fec77.php 第 225 行.
NOTIC: [8] Undefined index: goods_id D:\E\important\git\flowerMall\Application\Runtime\Cache\Admin\1e31b38d8d9702701609b47afd2fec77.php 第 227 行.
NOTIC: [8] Undefined index: goods_id D:\E\important\git\flowerMall\Application\Runtime\Cache\Admin\1e31b38d8d9702701609b47afd2fec77.php 第 225 行.
NOTIC: [8] Undefined index: goods_id D:\E\important\git\flowerMall\Application\Runtime\Cache\Admin\1e31b38d8d9702701609b47afd2fec77.php 第 227 行.
NOTIC: [8] Undefined variable: page D:\E\important\git\flowerMall\Application\Runtime\Cache\Admin\1e31b38d8d9702701609b47afd2fec77.php 第 236 行.
INFO: Run Behavior\ParseTemplateBehavior [ RunTime:0.110516s ]
INFO: [ view_parse ] --END-- [ RunTime:0.110751s ]
INFO: [ view_filter ] --START--
INFO: Run Behavior\WriteHtmlCacheBehavior [ RunTime:0.003618s ]
INFO: [ view_filter ] --END-- [ RunTime:0.003837s ]
INFO: [ app_end ] --START--
INFO: Run Behavior\ShowPageTraceBehavior [ RunTime:0.004830s ]
INFO: [ app_end ] --END-- [ RunTime:0.005068s ]

[ 2019-05-23T21:29:49+08:00 ] 127.0.0.1 /index.php/Admin/Attribute/lst
INFO: [ app_init ] --START--
INFO: Run Behavior\BuildLiteBehavior [ RunTime:0.000054s ]
INFO: [ app_init ] --END-- [ RunTime:0.001704s ]
INFO: [ app_begin ] --START--
INFO: Run Behavior\ReadHtmlCacheBehavior [ RunTime:0.003020s ]
INFO: [ app_begin ] --END-- [ RunTime:0.003214s ]
SQL: SHOW COLUMNS FROM `flower_attribute` [ RunTime:0.0345s ]
SQL: SELECT * FROM `flower_attribute`  [ RunTime:0.0007s ]
INFO: [ view_parse ] --START--
INFO: [ template_filter ] --START--
INFO: Run Behavior\ContentReplaceBehavior [ RunTime:0.000321s ]
INFO: [ template_filter ] --END-- [ RunTime:0.000544s ]
NOTIC: [8] Undefined index: goods_id D:\E\important\git\flowerMall\Application\Runtime\Cache\Admin\d12b6d6cfaa93439758dd8f98ee55ea0.php 第 229 行.
NOTIC: [8] Undefined index: goods_id D:\E\important\git\flowerMall\Application\Runtime\Cache\Admin\d12b6d6cfaa93439758dd8f98ee55ea0.php 第 231 行.
NOTIC: [8] Undefined variable: page D:\E\important\git\flowerMall\Application\Runtime\Cache\Admin\d12b6d6cfaa93439758dd8f98ee55ea0.php 第 240 行.
INFO: Run Behavior\ParseTemplateBehavior [ RunTime:0.099314s ]
INFO: [ view_parse ] --END-- [ RunTime:0.099486s ]
INFO: [ view_filter ] --START--
INFO: Run Behavior\WriteHtmlCacheBehavior [ RunTime:0.003198s ]
INFO: [ view_filter ] --END-- [ RunTime:0.003373s ]
INFO: [ app_end ] --START--
INFO: Run Behavior\ShowPageTraceBehavior [ RunTime:0.006034s ]
INFO: [ app_end ] --END-- [ RunTime:0.006252s ]

[ 2019-05-23T21:29:51+08:00 ] 127.0.0.1 /index.php/Admin/brand/lst
INFO: [ app_init ] --START--
INFO: Run Behavior\BuildLiteBehavior [ RunTime:0.000041s ]
INFO: [ app_init ] --END-- [ RunTime:0.001203s ]
INFO: [ app_begin ] --START--
INFO: Run Behavior\ReadHtmlCacheBehavior [ RunTime:0.003725s ]
INFO: [ app_begin ] --END-- [ RunTime:0.003901s ]
SQL: SHOW COLUMNS FROM `flower_brand` [ RunTime:0.0208s ]
SQL: SELECT * FROM `flower_brand`  [ RunTime:0.0012s ]
INFO: [ view_parse ] --START--
INFO: [ template_filter ] --START--
INFO: Run Behavior\ContentReplaceBehavior [ RunTime:0.000255s ]
INFO: [ template_filter ] --END-- [ RunTime:0.000458s ]
NOTIC: [8] Undefined index: goods_id D:\E\important\git\flowerMall\Application\Runtime\Cache\Admin\6be123300bd3bf15436cbc79ad313de4.php 第 229 行.
NOTIC: [8] Undefined index: goods_id D:\E\important\git\flowerMall\Application\Runtime\Cache\Admin\6be123300bd3bf15436cbc79ad313de4.php 第 231 行.
NOTIC: [8] Undefined index: goods_id D:\E\important\git\flowerMall\Application\Runtime\Cache\Admin\6be123300bd3bf15436cbc79ad313de4.php 第 229 行.
NOTIC: [8] Undefined index: goods_id D:\E\important\git\flowerMall\Application\Runtime\Cache\Admin\6be123300bd3bf15436cbc79ad313de4.php 第 231 行.
NOTIC: [8] Undefined index: goods_id D:\E\important\git\flowerMall\Application\Runtime\Cache\Admin\6be123300bd3bf15436cbc79ad313de4.php 第 229 行.
NOTIC: [8] Undefined index: goods_id D:\E\important\git\flowerMall\Application\Runtime\Cache\Admin\6be123300bd3bf15436cbc79ad313de4.php 第 231 行.
NOTIC: [8] Undefined index: goods_id D:\E\important\git\flowerMall\Application\Runtime\Cache\Admin\6be123300bd3bf15436cbc79ad313de4.php 第 229 行.
NOTIC: [8] Undefined index: goods_id D:\E\important\git\flowerMall\Application\Runtime\Cache\Admin\6be123300bd3bf15436cbc79ad313de4.php 第 231 行.
NOTIC: [8] Undefined index: goods_id D:\E\important\git\flowerMall\Application\Runtime\Cache\Admin\6be123300bd3bf15436cbc79ad313de4.php 第 229 行.
NOTIC: [8] Undefined index: goods_id D:\E\important\git\flowerMall\Application\Runtime\Cache\Admin\6be123300bd3bf15436cbc79ad313de4.php 第 231 行.
NOTIC: [8] Undefined index: goods_id D:\E\important\git\flowerMall\Application\Runtime\Cache\Admin\6be123300bd3bf15436cbc79ad313de4.php 第 229 行.
NOTIC: [8] Undefined index: goods_id D:\E\important\git\flowerMall\Application\Runtime\Cache\Admin\6be123300bd3bf15436cbc79ad313de4.php 第 231 行.
NOTIC: [8] Undefined index: goods_id D:\E\important\git\flowerMall\Application\Runtime\Cache\Admin\6be123300bd3bf15436cbc79ad313de4.php 第 229 行.
NOTIC: [8] Undefined index: goods_id D:\E\important\git\flowerMall\Application\Runtime\Cache\Admin\6be123300bd3bf15436cbc79ad313de4.php 第 231 行.
NOTIC: [8] Undefined index: goods_id D:\E\important\git\flowerMall\Application\Runtime\Cache\Admin\6be123300bd3bf15436cbc79ad313de4.php 第 229 行.
NOTIC: [8] Undefined index: goods_id D:\E\important\git\flowerMall\Application\Runtime\Cache\Admin\6be123300bd3bf15436cbc79ad313de4.php 第 231 行.
NOTIC: [8] Undefined variable: page D:\E\important\git\flowerMall\Application\Runtime\Cache\Admin\6be123300bd3bf15436cbc79ad313de4.php 第 240 行.
INFO: Run Behavior\ParseTemplateBehavior [ RunTime:0.040904s ]
INFO: [ view_parse ] --END-- [ RunTime:0.041099s ]
INFO: [ view_filter ] --START--
INFO: Run Behavior\WriteHtmlCacheBehavior [ RunTime:0.002280s ]
INFO: [ view_filter ] --END-- [ RunTime:0.002420s ]
INFO: [ app_end ] --START--
INFO: Run Behavior\ShowPageTraceBehavior [ RunTime:0.003067s ]
INFO: [ app_end ] --END-- [ RunTime:0.003227s ]

[ 2019-05-23T21:30:00+08:00 ] 127.0.0.1 /index.php/Admin/Brand/del.html
INFO: [ app_init ] --START--
INFO: Run Behavior\BuildLiteBehavior [ RunTime:0.000050s ]
INFO: [ app_init ] --END-- [ RunTime:0.002248s ]
INFO: [ app_begin ] --START--
INFO: Run Behavior\ReadHtmlCacheBehavior [ RunTime:0.007246s ]
INFO: [ app_begin ] --END-- [ RunTime:0.007423s ]
ERR: 非法操作:del

